[INFO][2019-06-20 15:23:30,421][/Users/kobo/Desktop/hbruraldoctor/app_login/views.py][views.py][validatePort][76] > xingming:<QueryDict: {'Imei': ['2B60FABA-37AA-4EA6-B3B6-11F608653689'], 'Key': ['20190620152321-53449'], 'Sign': ['86950715170A5655301A2F4E0433D8F4'], 'Source': ['1'], 'Version': ['1.0']}> logging successful
[INFO][2019-06-20 15:23:30,568][/Users/kobo/Desktop/hbruraldoctor/app_login/views.py][views.py][wrapper][155] > api:registerPort delete done imei:2B60FABA-37AA-4EA6-B3B6-11F608653689 key:20190620152321-53449
[INFO][2019-06-20 15:23:30,568][/Users/kobo/Desktop/hbruraldoctor/app_login/views.py][views.py][publishKey][256] > 请求publicKey success!
[INFO][2019-06-20 15:23:33,456][/Users/kobo/Desktop/hbruraldoctor/app_login/views.py][views.py][validatePort][76] > xingming:<QueryDict: {'Imei': ['2B60FABA-37AA-4EA6-B3B6-11F608653689'], 'Key': ['20190620152330-92582'], 'Sign': ['450E5E85F5D9D23DA1FB55C9DE8FECB9'], 'Source': ['1'], 'Version': ['1.0'], 'mobile': ['18350019632'], 'password': ['rBnYfOQTU05VRnkM4VDJXBkUaHUtqRgAXgPbtnMiNGNAM+XkynDpPgYkO0tYK83Y3eBzngZ8fh7AKFtIt98o2FK+M0vMdIQ8lC1b/YN8he33C6VJrYz8HWfXVuq95v4FxL59r+bcKoerbWPgBsFNhah1/rIj6KhyyRks4btg6d8=']}> logging successful
[INFO][2019-06-20 15:23:33,489][/Users/kobo/Desktop/hbruraldoctor/app_login/views.py][views.py][wrapper][155] > api:registerPort delete done imei:2B60FABA-37AA-4EA6-B3B6-11F608653689 key:20190620152330-92582
[INFO][2019-06-20 15:23:33,500][/Users/kobo/Desktop/hbruraldoctor/app_login/views.py][views.py][loginAccount][362] > api:registerPort succesful telphone:18350019632
[INFO][2019-06-20 15:26:34,348][/Users/kobo/Desktop/hbruraldoctor/app_login/views.py][views.py][validatePort][76] > xingming:<QueryDict: {'Imei': ['2B60FABA-37AA-4EA6-B3B6-11F608653689'], 'Key': ['20190620152634-57306'], 'Sign': ['1FCD696D7791176371316E02E4C08CB6'], 'Source': ['1'], 'Version': ['1.0']}> logging successful
[INFO][2019-06-20 15:26:34,387][/Users/kobo/Desktop/hbruraldoctor/app_login/views.py][views.py][wrapper][155] > api:registerPort delete done imei:2B60FABA-37AA-4EA6-B3B6-11F608653689 key:20190620152634-57306
[INFO][2019-06-20 15:26:34,388][/Users/kobo/Desktop/hbruraldoctor/app_login/views.py][views.py][publishKey][256] > 请求publicKey success!
[INFO][2019-06-20 15:26:34,943][/Users/kobo/Desktop/hbruraldoctor/app_login/views.py][views.py][validatePort][76] > xingming:<QueryDict: {'Imei': ['2B60FABA-37AA-4EA6-B3B6-11F608653689'], 'Key': ['20190620152634-25575'], 'Sign': ['F0170BF62B346B79A7A31A218CF2D5BE'], 'Source': ['1'], 'Version': ['1.0'], 'mobile': ['18350019632'], 'password': ['n3x4mpbiSsSdqCH4ayvpwGCZ5KbG3Ct2LrFt9DIMEh1+8DaJ8aMto7mqnAh2Gxh20wPszagOMOfzxU+hLAjb+7A9hCsgccylzGJasI4XJ0rIC4/dAUqDyDP6djQ+69rUG611Clajh7a9y1ZsgFgbYxtMoRnLmM1jCdnkuEFzm2s=']}> logging successful
[INFO][2019-06-20 15:26:34,973][/Users/kobo/Desktop/hbruraldoctor/app_login/views.py][views.py][wrapper][155] > api:registerPort delete done imei:2B60FABA-37AA-4EA6-B3B6-11F608653689 key:20190620152634-25575
[INFO][2019-06-20 15:27:15,666][/Users/kobo/Desktop/hbruraldoctor/app_login/views.py][views.py][validatePort][76] > xingming:<QueryDict: {'Imei': ['2B60FABA-37AA-4EA6-B3B6-11F608653689'], 'Key': ['20190620152715-90652'], 'Sign': ['D52651441188948CF8DD5F52FACB50DD'], 'Source': ['1'], 'Version': ['1.0']}> logging successful
[INFO][2019-06-20 15:27:15,691][/Users/kobo/Desktop/hbruraldoctor/app_login/views.py][views.py][wrapper][155] > api:registerPort delete done imei:2B60FABA-37AA-4EA6-B3B6-11F608653689 key:20190620152715-90652
[INFO][2019-06-20 15:27:15,692][/Users/kobo/Desktop/hbruraldoctor/app_login/views.py][views.py][publishKey][256] > 请求publicKey success!
[INFO][2019-06-20 15:27:15,775][/Users/kobo/Desktop/hbruraldoctor/app_login/views.py][views.py][validatePort][76] > xingming:<QueryDict: {'Imei': ['2B60FABA-37AA-4EA6-B3B6-11F608653689'], 'Key': ['20190620152715-52781'], 'Sign': ['F05DF6590E52E99549D84BA3460F92C6'], 'Source': ['1'], 'Version': ['1.0'], 'mobile': ['18350019632'], 'password': ['G+pO8DPYt4F78rnzPGb4ffgVb+g6116oA2ltYc8uvMZS8XPunva5CUBKtrsvMa+FqnV7Xoy6ubNrQVUKSA2gUanS35cuP9/XHC0I6zIwlWX8alM8rNZWSnrg7fDR5y6JxNOTaKIaOO/2MaLXvnrOuI02ShrBfj9xb+0a5OH2HHI=']}> logging successful
[INFO][2019-06-20 15:27:15,803][/Users/kobo/Desktop/hbruraldoctor/app_login/views.py][views.py][wrapper][155] > api:registerPort delete done imei:2B60FABA-37AA-4EA6-B3B6-11F608653689 key:20190620152715-52781
[INFO][2019-06-20 15:27:43,733][/Users/kobo/Desktop/hbruraldoctor/app_login/views.py][views.py][validatePort][76] > xingming:<QueryDict: {'Imei': ['2B60FABA-37AA-4EA6-B3B6-11F608653689'], 'Key': ['20190620152743-57148'], 'Sign': ['32A5E99E42474EB2AE2A4EC38CED756E'], 'Source': ['1'], 'Version': ['1.0']}> logging successful
[INFO][2019-06-20 15:27:43,783][/Users/kobo/Desktop/hbruraldoctor/app_login/views.py][views.py][wrapper][155] > api:registerPort delete done imei:2B60FABA-37AA-4EA6-B3B6-11F608653689 key:20190620152743-57148
[INFO][2019-06-20 15:27:43,784][/Users/kobo/Desktop/hbruraldoctor/app_login/views.py][views.py][publishKey][256] > 请求publicKey success!
[INFO][2019-06-20 15:27:56,107][/Users/kobo/Desktop/hbruraldoctor/app_login/views.py][views.py][validatePort][76] > xingming:<QueryDict: {'Imei': ['2B60FABA-37AA-4EA6-B3B6-11F608653689'], 'Key': ['20190620152753-78263'], 'Sign': ['7A4195E7364B668BC7FCF74896CFACE9'], 'Source': ['1'], 'Version': ['1.0'], 'mobile': ['18350019632'], 'password': ['EmlsFDmg2pyAHQGz474zNAgwz0BYlS1uOxyIvdSDzYithXafeDzT9ucjiT2MHNpUkbJrn274rXz0sVRVFnwvCRoKH81zhpy7/GZ+WGt9Zd1lVsHdQNAm1QI6RvKtK/cj/zpKPnM1roGlP3IA99auxv0T/eHjNCj+Xrv7fLqZd6w=']}> logging successful
[INFO][2019-06-20 15:27:56,140][/Users/kobo/Desktop/hbruraldoctor/app_login/views.py][views.py][wrapper][155] > api:registerPort delete done imei:2B60FABA-37AA-4EA6-B3B6-11F608653689 key:20190620152753-78263
[INFO][2019-06-20 15:29:11,377][/Users/kobo/Desktop/hbruraldoctor/app_login/views.py][views.py][validatePort][76] > xingming:<QueryDict: {'Imei': ['2B60FABA-37AA-4EA6-B3B6-11F608653689'], 'Key': ['20190620152911-47656'], 'Sign': ['B4B0FD9991B92A5AB12565534C31F0F0'], 'Source': ['1'], 'Version': ['1.0']}> logging successful
[INFO][2019-06-20 15:29:11,422][/Users/kobo/Desktop/hbruraldoctor/app_login/views.py][views.py][wrapper][155] > api:registerPort delete done imei:2B60FABA-37AA-4EA6-B3B6-11F608653689 key:20190620152911-47656
[INFO][2019-06-20 15:29:11,423][/Users/kobo/Desktop/hbruraldoctor/app_login/views.py][views.py][publishKey][256] > 请求publicKey success!
[INFO][2019-06-20 15:29:11,535][/Users/kobo/Desktop/hbruraldoctor/app_login/views.py][views.py][validatePort][76] > xingming:<QueryDict: {'Imei': ['2B60FABA-37AA-4EA6-B3B6-11F608653689'], 'Key': ['20190620152911-37927'], 'Sign': ['D11F82B08AF61CE5EE5C14BD1677C26F'], 'Source': ['1'], 'Version': ['1.0'], 'mobile': ['18350019632'], 'password': ['lD2NhC5r/MNVIxw8iDjzLeNLHhy/urZgISBxcsHHWUT0NatYWv6hEiMO0NxgypjKvichyKbc35ktuyIziMA8kVlb9R6ncafUxVF0d+CHXauor6rE1ANR6wbm51dDospaglUXFKdbzlpogOdQfo2iiCFvROsp/MrV1UN/rYt2zS4=']}> logging successful
[INFO][2019-06-20 15:29:11,602][/Users/kobo/Desktop/hbruraldoctor/app_login/views.py][views.py][wrapper][155] > api:registerPort delete done imei:2B60FABA-37AA-4EA6-B3B6-11F608653689 key:20190620152911-37927
[INFO][2019-06-20 15:32:36,191][/Users/kobo/Desktop/hbruraldoctor/app_login/views.py][views.py][validatePort][76] > xingming:<QueryDict: {'Imei': ['2B60FABA-37AA-4EA6-B3B6-11F608653689'], 'Key': ['20190620153233-3400'], 'Sign': ['548BAC46A45893E84DFD0AED26DC6CB5'], 'Source': ['1'], 'Version': ['1.0']}> logging successful
[INFO][2019-06-20 15:32:36,243][/Users/kobo/Desktop/hbruraldoctor/app_login/views.py][views.py][wrapper][155] > api:registerPort delete done imei:2B60FABA-37AA-4EA6-B3B6-11F608653689 key:20190620153233-3400
[INFO][2019-06-20 15:32:36,243][/Users/kobo/Desktop/hbruraldoctor/app_login/views.py][views.py][publishKey][256] > 请求publicKey success!
[INFO][2019-06-20 15:32:36,383][/Users/kobo/Desktop/hbruraldoctor/app_login/views.py][views.py][validatePort][76] > xingming:<QueryDict: {'Imei': ['2B60FABA-37AA-4EA6-B3B6-11F608653689'], 'Key': ['20190620153236-48125'], 'Sign': ['14A565D5B3615D22291302D018A2E792'], 'Source': ['1'], 'Version': ['1.0'], 'mobile': ['18350019632'], 'password': ['jjge5u69f+21LJusEAFoRGACmrTgCrrini0Lr64lwMvnLkkPLEMJvmFmvUtcwgtPECgKgw+u9p3j3yB4EnmO4q1V0CTBgwCAO+Ylrn0EyvKp6GvsWsPvGz9zYOLCIL91g6WjAphgJQzhwj56U109VO4dYIorkt2cBjhSm/nA2x8=']}> logging successful
[INFO][2019-06-20 15:32:36,423][/Users/kobo/Desktop/hbruraldoctor/app_login/views.py][views.py][wrapper][155] > api:registerPort delete done imei:2B60FABA-37AA-4EA6-B3B6-11F608653689 key:20190620153236-48125
[INFO][2019-06-20 15:32:36,439][/Users/kobo/Desktop/hbruraldoctor/app_login/views.py][views.py][loginAccount][356] > 密码错误
[INFO][2019-06-20 15:37:10,394][/Users/kobo/Desktop/hbruraldoctor/app_login/views.py][views.py][validatePort][76] > xingming:<QueryDict: {'Imei': ['2B60FABA-37AA-4EA6-B3B6-11F608653689'], 'Key': ['20190620153709-53530'], 'Sign': ['88A470F5E603E2504741C5C72C95E279'], 'Source': ['1'], 'Version': ['1.0']}> logging successful
[INFO][2019-06-20 15:37:10,446][/Users/kobo/Desktop/hbruraldoctor/app_login/views.py][views.py][wrapper][155] > api:registerPort delete done imei:2B60FABA-37AA-4EA6-B3B6-11F608653689 key:20190620153709-53530
[INFO][2019-06-20 15:37:10,447][/Users/kobo/Desktop/hbruraldoctor/app_login/views.py][views.py][publishKey][256] > 请求publicKey success!
[INFO][2019-06-20 15:37:10,566][/Users/kobo/Desktop/hbruraldoctor/app_login/views.py][views.py][validatePort][76] > xingming:<QueryDict: {'Imei': ['2B60FABA-37AA-4EA6-B3B6-11F608653689'], 'Key': ['20190620153710-49037'], 'Sign': ['2F0D23234C078900B1EC574B6A498993'], 'Source': ['1'], 'Version': ['1.0'], 'mobile': ['18350019632'], 'password': ['l8nC4z6MvF6nx/FRgy54HdyVpCzz3MUcnNx1pmYVASJHtqOikJg9mHTddNbex/T0RhKEJ9rrqdlvM9GU8OcjUo25L245LEBwozFL0gNobrgh1m10MhBg4yxpFSB5XvL1VVgZdGn3+o/VG78ah5KqvXou0yJfCH3GdJdFyxAYSC0=']}> logging successful
[INFO][2019-06-20 15:37:10,622][/Users/kobo/Desktop/hbruraldoctor/app_login/views.py][views.py][wrapper][155] > api:registerPort delete done imei:2B60FABA-37AA-4EA6-B3B6-11F608653689 key:20190620153710-49037
[INFO][2019-06-20 15:37:10,632][/Users/kobo/Desktop/hbruraldoctor/app_login/views.py][views.py][loginAccount][368] > api_login error 'type' object is not subscriptable
[INFO][2019-06-20 15:38:30,709][/Users/kobo/Desktop/hbruraldoctor/app_login/views.py][views.py][validatePort][76] > xingming:<QueryDict: {'Imei': ['2B60FABA-37AA-4EA6-B3B6-11F608653689'], 'Key': ['20190620153830-27943'], 'Sign': ['7EF8166FEA810323011641D860FD96C4'], 'Source': ['1'], 'Version': ['1.0']}> logging successful
[INFO][2019-06-20 15:38:30,784][/Users/kobo/Desktop/hbruraldoctor/app_login/views.py][views.py][wrapper][155] > api:registerPort delete done imei:2B60FABA-37AA-4EA6-B3B6-11F608653689 key:20190620153830-27943
[INFO][2019-06-20 15:38:30,785][/Users/kobo/Desktop/hbruraldoctor/app_login/views.py][views.py][publishKey][256] > 请求publicKey success!
[INFO][2019-06-20 15:38:30,913][/Users/kobo/Desktop/hbruraldoctor/app_login/views.py][views.py][validatePort][76] > xingming:<QueryDict: {'Imei': ['2B60FABA-37AA-4EA6-B3B6-11F608653689'], 'Key': ['20190620153830-65288'], 'Sign': ['0FEE3B6E5C3D4C45D39F394AFB2F6522'], 'Source': ['1'], 'Version': ['1.0'], 'mobile': ['18350019632'], 'password': ['hQFgOZKC1z3qx+7/4FEDNkCK6F/1FNUfA7QK2nSmXx8lyDj87Fu50PddZTq5GYmPwWTr8iz7WvtDai1jN+KMdfYg6vB4yvxc+CzBr1CGHNrxxKERAYiUzQW0agGZ/gBtsu1FEeE7mU7HBpnwhr/ERtFpdpC7qecpWsRY7pmjM74=']}> logging successful
[INFO][2019-06-20 15:38:30,958][/Users/kobo/Desktop/hbruraldoctor/app_login/views.py][views.py][wrapper][155] > api:registerPort delete done imei:2B60FABA-37AA-4EA6-B3B6-11F608653689 key:20190620153830-65288
[INFO][2019-06-20 15:38:30,974][/Users/kobo/Desktop/hbruraldoctor/app_login/views.py][views.py][loginAccount][367] > api_login error 'type' object is not subscriptable
[INFO][2019-06-20 15:40:49,667][/Users/kobo/Desktop/hbruraldoctor/app_login/views.py][views.py][validatePort][76] > xingming:<QueryDict: {'Imei': ['2B60FABA-37AA-4EA6-B3B6-11F608653689'], 'Key': ['20190620154049-29496'], 'Sign': ['8777E2A18D5A0972030ADB1F48ADD03E'], 'Source': ['1'], 'Version': ['1.0']}> logging successful
[INFO][2019-06-20 15:40:49,726][/Users/kobo/Desktop/hbruraldoctor/app_login/views.py][views.py][wrapper][155] > api:registerPort delete done imei:2B60FABA-37AA-4EA6-B3B6-11F608653689 key:20190620154049-29496
[INFO][2019-06-20 15:40:49,726][/Users/kobo/Desktop/hbruraldoctor/app_login/views.py][views.py][publishKey][256] > 请求publicKey success!
[INFO][2019-06-20 15:40:49,832][/Users/kobo/Desktop/hbruraldoctor/app_login/views.py][views.py][validatePort][76] > xingming:<QueryDict: {'Imei': ['2B60FABA-37AA-4EA6-B3B6-11F608653689'], 'Key': ['20190620154049-93989'], 'Sign': ['6F89481DF119028B181337E1D28817FC'], 'Source': ['1'], 'Version': ['1.0'], 'mobile': ['18350019632'], 'password': ['hhhdFkzGAwidpPC/K8lps7Qcyim16U3Oj17oIvn/cHbyoPg53sUkTux53H/IFdeAVmRzM02SitYwKSS3YQUXlnJpS4WAcvtX8vjIxBRqbbtCOfHWJU4swcI9lFNwJ2IpViynW3dHJVHVbOmNC7ru20wLcUE8PpNXdKfysiJVlaI=']}> logging successful
[INFO][2019-06-20 15:40:49,863][/Users/kobo/Desktop/hbruraldoctor/app_login/views.py][views.py][wrapper][155] > api:registerPort delete done imei:2B60FABA-37AA-4EA6-B3B6-11F608653689 key:20190620154049-93989
[INFO][2019-06-20 15:40:49,872][/Users/kobo/Desktop/hbruraldoctor/app_login/views.py][views.py][loginAccount][368] > api_login error 'type' object is not subscriptable
[INFO][2019-06-20 15:43:47,617][/Users/kobo/Desktop/hbruraldoctor/app_login/views.py][views.py][validatePort][76] > xingming:<QueryDict: {'Imei': ['2B60FABA-37AA-4EA6-B3B6-11F608653689'], 'Key': ['20190620154347-50592'], 'Sign': ['028D286E8CFA99A7847257D75B1C0932'], 'Source': ['1'], 'Version': ['1.0']}> logging successful
[INFO][2019-06-20 15:43:47,675][/Users/kobo/Desktop/hbruraldoctor/app_login/views.py][views.py][wrapper][155] > api:registerPort delete done imei:2B60FABA-37AA-4EA6-B3B6-11F608653689 key:20190620154347-50592
[INFO][2019-06-20 15:43:47,675][/Users/kobo/Desktop/hbruraldoctor/app_login/views.py][views.py][publishKey][256] > 请求publicKey success!
[INFO][2019-06-20 15:43:47,783][/Users/kobo/Desktop/hbruraldoctor/app_login/views.py][views.py][validatePort][76] > xingming:<QueryDict: {'Imei': ['2B60FABA-37AA-4EA6-B3B6-11F608653689'], 'Key': ['20190620154347-38260'], 'Sign': ['58792F8B255D1617C3E43BE972D20A2B'], 'Source': ['1'], 'Version': ['1.0'], 'mobile': ['18350019632'], 'password': ['FBj10OeCFVLlrHXhCucyS2QunDcl6ba2t3JkQx8u2RGuSpuEQqKqtp16yVHVZgTGaBZbcstwTL3fz1nuP1YEyHcNbtsIorQkMdD9x2UG/2qRK75g7OxX0ycWcv6HCEc6fbB73WBp3LOg9RoZE9Vwv50AQy3uOfLmqGDRgohUVhA=']}> logging successful
[INFO][2019-06-20 15:43:47,844][/Users/kobo/Desktop/hbruraldoctor/app_login/views.py][views.py][wrapper][155] > api:registerPort delete done imei:2B60FABA-37AA-4EA6-B3B6-11F608653689 key:20190620154347-38260
[INFO][2019-06-20 15:43:47,853][/Users/kobo/Desktop/hbruraldoctor/app_login/views.py][views.py][loginAccount][368] > api_login error 'type' object is not subscriptable
[INFO][2019-06-20 15:45:03,389][/Users/kobo/Desktop/hbruraldoctor/app_login/views.py][views.py][validatePort][76] > xingming:<QueryDict: {'Imei': ['2B60FABA-37AA-4EA6-B3B6-11F608653689'], 'Key': ['20190620154500-86452'], 'Sign': ['63894110B4B0D72D1E6458BE863EAB2F'], 'Source': ['1'], 'Version': ['1.0']}> logging successful
[INFO][2019-06-20 15:45:03,456][/Users/kobo/Desktop/hbruraldoctor/app_login/views.py][views.py][wrapper][155] > api:registerPort delete done imei:2B60FABA-37AA-4EA6-B3B6-11F608653689 key:20190620154500-86452
[INFO][2019-06-20 15:45:03,457][/Users/kobo/Desktop/hbruraldoctor/app_login/views.py][views.py][publishKey][256] > 请求publicKey success!
[INFO][2019-06-20 15:45:03,568][/Users/kobo/Desktop/hbruraldoctor/app_login/views.py][views.py][validatePort][76] > xingming:<QueryDict: {'Imei': ['2B60FABA-37AA-4EA6-B3B6-11F608653689'], 'Key': ['20190620154503-48639'], 'Sign': ['9165F7909D62A2591DC9A66486B23E1F'], 'Source': ['1'], 'Version': ['1.0'], 'mobile': ['18350019632'], 'password': ['HcEbXntf9f5uDGFBs0KLGmiyLiSQCCehOWHOWtACoijkgayWDS9jntdNMh5BhvPa7XhD93PACXi8Pca0XX0kbzIDx1AVK+iI4CqBRhz17JGnPVhJigZHVFv6hW4izTTOtg9xOgGkcU6TM1kTuGTTTPs3l80RYBW75TJurwtu8+k=']}> logging successful
[INFO][2019-06-20 15:45:03,609][/Users/kobo/Desktop/hbruraldoctor/app_login/views.py][views.py][wrapper][155] > api:registerPort delete done imei:2B60FABA-37AA-4EA6-B3B6-11F608653689 key:20190620154503-48639
[INFO][2019-06-20 15:45:03,622][/Users/kobo/Desktop/hbruraldoctor/app_login/views.py][views.py][loginAccount][369] > api_login error 'type' object is not subscriptable
[INFO][2019-06-20 15:47:35,261][/Users/kobo/Desktop/hbruraldoctor/app_login/views.py][views.py][validatePort][76] > xingming:<QueryDict: {'Imei': ['2B60FABA-37AA-4EA6-B3B6-11F608653689'], 'Key': ['20190620154735-71668'], 'Sign': ['F0176C07828051ED6BBB57534013F35E'], 'Source': ['1'], 'Version': ['1.0']}> logging successful
[INFO][2019-06-20 15:47:35,309][/Users/kobo/Desktop/hbruraldoctor/app_login/views.py][views.py][wrapper][155] > api:registerPort delete done imei:2B60FABA-37AA-4EA6-B3B6-11F608653689 key:20190620154735-71668
[INFO][2019-06-20 15:47:35,309][/Users/kobo/Desktop/hbruraldoctor/app_login/views.py][views.py][publishKey][256] > 请求publicKey success!
[INFO][2019-06-20 15:47:35,395][/Users/kobo/Desktop/hbruraldoctor/app_login/views.py][views.py][validatePort][76] > xingming:<QueryDict: {'Imei': ['2B60FABA-37AA-4EA6-B3B6-11F608653689'], 'Key': ['20190620154735-87787'], 'Sign': ['4F5F9BB0B29AC25721A5614DBA41B294'], 'Source': ['1'], 'Version': ['1.0'], 'mobile': ['18350019632'], 'password': ['eB4+brgKbH43zHbf5C+wWseJVrAuwVEYkKv6eBlNLCt4t0FUcmeLA6i4/GGFzIUqXfA4y1W3qYdoVJph2vUlbpF0TeL6KiklEYwDNp6aPvmfZxhAChQKB1WKi9hxl+7eyof8FWOLl8UyjFR2638fXRqUG+05Qhdfb6sC9YdBJAg=']}> logging successful
[INFO][2019-06-20 15:47:35,428][/Users/kobo/Desktop/hbruraldoctor/app_login/views.py][views.py][wrapper][155] > api:registerPort delete done imei:2B60FABA-37AA-4EA6-B3B6-11F608653689 key:20190620154735-87787
[INFO][2019-06-20 15:47:35,435][/Users/kobo/Desktop/hbruraldoctor/app_login/views.py][views.py][loginAccount][369] > api_login error 'type' object is not subscriptable
[INFO][2019-06-20 15:56:58,665][/Users/kobo/Desktop/hbruraldoctor/app_login/views.py][views.py][validatePort][76] > xingming:<QueryDict: {'Imei': ['2B60FABA-37AA-4EA6-B3B6-11F608653689'], 'Key': ['20190620155656-30838'], 'Sign': ['3198553EFB087106A05CE7C375CEDBFF'], 'Source': ['1'], 'Version': ['1.0']}> logging successful
[INFO][2019-06-20 15:56:58,738][/Users/kobo/Desktop/hbruraldoctor/app_login/views.py][views.py][wrapper][155] > api:registerPort delete done imei:2B60FABA-37AA-4EA6-B3B6-11F608653689 key:20190620155656-30838
[INFO][2019-06-20 15:56:58,738][/Users/kobo/Desktop/hbruraldoctor/app_login/views.py][views.py][publishKey][256] > 请求publicKey success!
[INFO][2019-06-20 15:56:58,864][/Users/kobo/Desktop/hbruraldoctor/app_login/views.py][views.py][validatePort][76] > xingming:<QueryDict: {'Imei': ['2B60FABA-37AA-4EA6-B3B6-11F608653689'], 'Key': ['20190620155658-11353'], 'Sign': ['BE0D0884F385476EEDE057C324B282F3'], 'Source': ['1'], 'Version': ['1.0'], 'mobile': ['18350019632'], 'password': ['IacEPURKh4vJn1D7NZ+jHRTWIJLLm4agKmG+kPxsvIJSV7YThFely/g75UXDWi9DBjdFyniHATVXhYIm5dVY3soAkTbJn7DA0kn7LAR+yp04YSmtLz8r7Br4wE4TtT1tMlXd4Akr8KphJ5cY4cvOXfGuJG/4WvNFxL7AVnGgjxA=']}> logging successful
[INFO][2019-06-20 15:56:58,900][/Users/kobo/Desktop/hbruraldoctor/app_login/views.py][views.py][wrapper][155] > api:registerPort delete done imei:2B60FABA-37AA-4EA6-B3B6-11F608653689 key:20190620155658-11353
[INFO][2019-06-20 15:56:58,917][/Users/kobo/Desktop/hbruraldoctor/app_login/views.py][views.py][loginAccount][369] > api_login error 'type' object is not subscriptable
[INFO][2019-06-20 15:57:32,212][/Users/kobo/Desktop/hbruraldoctor/app_login/views.py][views.py][validatePort][76] > xingming:<QueryDict: {'Imei': ['2B60FABA-37AA-4EA6-B3B6-11F608653689'], 'Key': ['20190620155731-23760'], 'Sign': ['CDAFB21032796900727BB292466835C9'], 'Source': ['1'], 'Version': ['1.0']}> logging successful
[INFO][2019-06-20 15:57:32,275][/Users/kobo/Desktop/hbruraldoctor/app_login/views.py][views.py][wrapper][155] > api:registerPort delete done imei:2B60FABA-37AA-4EA6-B3B6-11F608653689 key:20190620155731-23760
[INFO][2019-06-20 15:57:32,275][/Users/kobo/Desktop/hbruraldoctor/app_login/views.py][views.py][publishKey][256] > 请求publicKey success!
[INFO][2019-06-20 15:57:32,380][/Users/kobo/Desktop/hbruraldoctor/app_login/views.py][views.py][validatePort][76] > xingming:<QueryDict: {'Imei': ['2B60FABA-37AA-4EA6-B3B6-11F608653689'], 'Key': ['20190620155732-18125'], 'Sign': ['F699863B9D8CE07AEC4D46F3A8D64CC2'], 'Source': ['1'], 'Version': ['1.0'], 'mobile': ['18350019632'], 'password': ['F83lDsN/MwBjsKNyhzouZACZQfS6bLBX7UfVpIFvXM+qdY/vnsJj+Xu5zUYwC6Gw8GqmIjJaAVR3LDCjNJgNNb3f1iD0TDyZFod9gcro16i/owsZoqwWNCnaFW8N6FNPziY4kHt9BI4zLHfHeaAyKD5agZ8i1R8XrPHjs7DN/YI=']}> logging successful
[INFO][2019-06-20 15:57:32,408][/Users/kobo/Desktop/hbruraldoctor/app_login/views.py][views.py][wrapper][155] > api:registerPort delete done imei:2B60FABA-37AA-4EA6-B3B6-11F608653689 key:20190620155732-18125
[INFO][2019-06-20 15:57:32,418][/Users/kobo/Desktop/hbruraldoctor/app_login/views.py][views.py][loginAccount][369] > api_login error 'type' object is not subscriptable
[INFO][2019-06-20 16:06:23,711][/Users/kobo/Desktop/hbruraldoctor/app_login/views.py][views.py][validatePort][76] > xingming:<QueryDict: {'Imei': ['2B60FABA-37AA-4EA6-B3B6-11F608653689'], 'Key': ['20190620160619-62858'], 'Sign': ['2677D937990359889541045448CBCA84'], 'Source': ['1'], 'Version': ['1.0']}> logging successful
[INFO][2019-06-20 16:06:23,791][/Users/kobo/Desktop/hbruraldoctor/app_login/views.py][views.py][wrapper][155] > api:registerPort delete done imei:2B60FABA-37AA-4EA6-B3B6-11F608653689 key:20190620160619-62858
[INFO][2019-06-20 16:06:23,791][/Users/kobo/Desktop/hbruraldoctor/app_login/views.py][views.py][publishKey][256] > 请求publicKey success!
[INFO][2019-06-20 16:06:23,923][/Users/kobo/Desktop/hbruraldoctor/app_login/views.py][views.py][validatePort][76] > xingming:<QueryDict: {'Imei': ['2B60FABA-37AA-4EA6-B3B6-11F608653689'], 'Key': ['20190620160623-33019'], 'Sign': ['5228900AA6B607C0EB8918BEF4792614'], 'Source': ['1'], 'Version': ['1.0'], 'mobile': ['18350019632'], 'password': ['kn8w0h3+Xq6WCVB+XMP/uZYg/16nQhUpNtcyHG2I43Vp565t9DnRoRjIlQhbrI6x75Ja7t/5tFX1FGKSfZuIfnF68P07tBKSfvdPlbty4VcqVkkw5LGEsyo7hwHywk8si3aWoe8XygyXxPyinUU1aDNGPvulWHZhQooZa9Zvj90=']}> logging successful
[INFO][2019-06-20 16:06:24,852][/Users/kobo/Desktop/hbruraldoctor/app_login/views.py][views.py][wrapper][155] > api:registerPort delete done imei:2B60FABA-37AA-4EA6-B3B6-11F608653689 key:20190620160623-33019
[INFO][2019-06-20 16:06:54,876][/Users/kobo/Desktop/hbruraldoctor/app_login/views.py][views.py][validatePort][76] > xingming:<QueryDict: {'Imei': ['2B60FABA-37AA-4EA6-B3B6-11F608653689'], 'Key': ['20190620160654-27105'], 'Sign': ['E979FA49258B5A06BE580B3226418675'], 'Source': ['1'], 'Version': ['1.0']}> logging successful
[INFO][2019-06-20 16:06:54,954][/Users/kobo/Desktop/hbruraldoctor/app_login/views.py][views.py][wrapper][155] > api:registerPort delete done imei:2B60FABA-37AA-4EA6-B3B6-11F608653689 key:20190620160654-27105
[INFO][2019-06-20 16:06:54,955][/Users/kobo/Desktop/hbruraldoctor/app_login/views.py][views.py][publishKey][256] > 请求publicKey success!
[INFO][2019-06-20 16:06:55,085][/Users/kobo/Desktop/hbruraldoctor/app_login/views.py][views.py][validatePort][76] > xingming:<QueryDict: {'Imei': ['2B60FABA-37AA-4EA6-B3B6-11F608653689'], 'Key': ['20190620160655-6043'], 'Sign': ['443E1D14E6112B00C47BB1065C45510E'], 'Source': ['1'], 'Version': ['1.0'], 'mobile': ['18350019632'], 'password': ['jGOAlDuWAQRm2Hy9sx0qpJVyhpCefzh33DSW5g+jtbUeaKAcjEHawrh1aXeVNgdf2sS8lrD3TqwEloJC0CVEc8CHP+E32qeMJGk8vTfVI0yNdtzwYGxb5oFWmPPgGoUflPIKiKKlm5nui4pQhDiJs6ThoEgVT9lINb/5G4uqZMo=']}> logging successful
[INFO][2019-06-20 16:06:55,120][/Users/kobo/Desktop/hbruraldoctor/app_login/views.py][views.py][wrapper][155] > api:registerPort delete done imei:2B60FABA-37AA-4EA6-B3B6-11F608653689 key:20190620160655-6043
[INFO][2019-06-20 16:11:40,942][/Users/kobo/Desktop/hbruraldoctor/app_login/views.py][views.py][validatePort][76] > xingming:<QueryDict: {'Imei': ['2B60FABA-37AA-4EA6-B3B6-11F608653689'], 'Key': ['20190620161135-99028'], 'Sign': ['BABD25E83402FC4CFDB18773D7F44F38'], 'Source': ['1'], 'Version': ['1.0']}> logging successful
[INFO][2019-06-20 16:11:40,981][/Users/kobo/Desktop/hbruraldoctor/app_login/views.py][views.py][wrapper][155] > api:registerPort delete done imei:2B60FABA-37AA-4EA6-B3B6-11F608653689 key:20190620161135-99028
[INFO][2019-06-20 16:11:40,982][/Users/kobo/Desktop/hbruraldoctor/app_login/views.py][views.py][publishKey][256] > 请求publicKey success!
[INFO][2019-06-20 16:11:41,102][/Users/kobo/Desktop/hbruraldoctor/app_login/views.py][views.py][validatePort][76] > xingming:<QueryDict: {'Imei': ['2B60FABA-37AA-4EA6-B3B6-11F608653689'], 'Key': ['20190620161141-55605'], 'Sign': ['1E813026C0066F8611655A6FBF3A3909'], 'Source': ['1'], 'Version': ['1.0'], 'mobile': ['18350019632'], 'password': ['gBQzE+eXRbU7k3CzgdOAAFY+8wa+P/Ai362sCLWisTMm4OTXwFBar+GEzPB1ksfAdmrqUSeCPznVhSEQiTWT7VQ4IxqqW8zP70BOXRCUZ9B1YR1s1vjJFXfDm8FFIZsHTEaaxO0olb85zBOVy3opcSFWBL/jUkPJypXRNNIo5bw=']}> logging successful
[INFO][2019-06-20 16:11:41,137][/Users/kobo/Desktop/hbruraldoctor/app_login/views.py][views.py][wrapper][155] > api:registerPort delete done imei:2B60FABA-37AA-4EA6-B3B6-11F608653689 key:20190620161141-55605
[INFO][2019-06-20 16:12:14,739][/Users/kobo/Desktop/hbruraldoctor/app_login/views.py][views.py][validatePort][76] > xingming:<QueryDict: {'Imei': ['2B60FABA-37AA-4EA6-B3B6-11F608653689'], 'Key': ['20190620161210-60074'], 'Sign': ['F8E742A11FFC072E58FD913F571996AB'], 'Source': ['1'], 'Version': ['1.0']}> logging successful
[INFO][2019-06-20 16:12:14,789][/Users/kobo/Desktop/hbruraldoctor/app_login/views.py][views.py][wrapper][155] > api:registerPort delete done imei:2B60FABA-37AA-4EA6-B3B6-11F608653689 key:20190620161210-60074
[INFO][2019-06-20 16:12:14,789][/Users/kobo/Desktop/hbruraldoctor/app_login/views.py][views.py][publishKey][256] > 请求publicKey success!
[INFO][2019-06-20 16:12:14,905][/Users/kobo/Desktop/hbruraldoctor/app_login/views.py][views.py][validatePort][76] > xingming:<QueryDict: {'Imei': ['2B60FABA-37AA-4EA6-B3B6-11F608653689'], 'Key': ['20190620161214-25315'], 'Sign': ['5C02EE3B4433A4B629FAAD45DF3831E1'], 'Source': ['1'], 'Version': ['1.0'], 'mobile': ['18350019632'], 'password': ['A6gzP0gf/4czB81rpXBqC5cOtXwUyAhV98BpywCyZ09kJqUjJRq5W7mh0sa3plgkpv7IgXr4wuZpZLFc52/9rtxgQK7Wp7K6qL+eQsabPcPQV6xnVJ46zinWrkY+S2m+bRjfVyB78CPG1UXAGQaZ2Xxpqis5cqURp+pXn3F3B0U=']}> logging successful
[INFO][2019-06-20 16:12:14,935][/Users/kobo/Desktop/hbruraldoctor/app_login/views.py][views.py][wrapper][155] > api:registerPort delete done imei:2B60FABA-37AA-4EA6-B3B6-11F608653689 key:20190620161214-25315
[INFO][2019-06-20 16:13:20,094][/Users/kobo/Desktop/hbruraldoctor/app_login/views.py][views.py][validatePort][76] > xingming:<QueryDict: {'Imei': ['2B60FABA-37AA-4EA6-B3B6-11F608653689'], 'Key': ['20190620161315-68004'], 'Sign': ['D5C653639431DB942F779AA6A83233F5'], 'Source': ['1'], 'Version': ['1.0']}> logging successful
[INFO][2019-06-20 16:13:20,145][/Users/kobo/Desktop/hbruraldoctor/app_login/views.py][views.py][wrapper][155] > api:registerPort delete done imei:2B60FABA-37AA-4EA6-B3B6-11F608653689 key:20190620161315-68004
[INFO][2019-06-20 16:13:20,145][/Users/kobo/Desktop/hbruraldoctor/app_login/views.py][views.py][publishKey][256] > 请求publicKey success!
[INFO][2019-06-20 16:13:20,265][/Users/kobo/Desktop/hbruraldoctor/app_login/views.py][views.py][validatePort][76] > xingming:<QueryDict: {'Imei': ['2B60FABA-37AA-4EA6-B3B6-11F608653689'], 'Key': ['20190620161320-40986'], 'Sign': ['4370D08275B98D4C6A3B312C508FE1E8'], 'Source': ['1'], 'Version': ['1.0'], 'mobile': ['18350019632'], 'password': ['acfd30EucXerqTuLNSH8w/3FFa6ATldg+XhMG/pgcdjhvVRgVf1/aWABKimYNt6eRni/OfdXkOTG72eQxPC7pClbCwPu7odnij7ZHvnpo9SW4FIHD1tT8BcsNBoSDzTAWmWxUmnIm8SunWnP8j+RTaSrYwrsCQUATXsdyHlCnd0=']}> logging successful
[INFO][2019-06-20 16:13:20,309][/Users/kobo/Desktop/hbruraldoctor/app_login/views.py][views.py][wrapper][155] > api:registerPort delete done imei:2B60FABA-37AA-4EA6-B3B6-11F608653689 key:20190620161320-40986
[INFO][2019-06-20 16:25:19,678][/Users/kobo/Desktop/hbruraldoctor/app_login/views.py][views.py][validatePort][76] > xingming:<QueryDict: {'Imei': ['2B60FABA-37AA-4EA6-B3B6-11F608653689'], 'Key': ['20190620162515-65797'], 'Sign': ['B3F90D6A316DCDFABF63263490752752'], 'Source': ['1'], 'Version': ['1.0']}> logging successful
[INFO][2019-06-20 16:25:19,746][/Users/kobo/Desktop/hbruraldoctor/app_login/views.py][views.py][wrapper][155] > api:registerPort delete done imei:2B60FABA-37AA-4EA6-B3B6-11F608653689 key:20190620162515-65797
[INFO][2019-06-20 16:25:19,747][/Users/kobo/Desktop/hbruraldoctor/app_login/views.py][views.py][publishKey][256] > 请求publicKey success!
[INFO][2019-06-20 16:25:19,868][/Users/kobo/Desktop/hbruraldoctor/app_login/views.py][views.py][validatePort][76] > xingming:<QueryDict: {'Imei': ['2B60FABA-37AA-4EA6-B3B6-11F608653689'], 'Key': ['20190620162519-53229'], 'Sign': ['8A7A15C875ABA6EA93AF2698E908C74B'], 'Source': ['1'], 'Version': ['1.0'], 'mobile': ['18350019632'], 'password': ['OuJlis8igvXdLPsftQHTQ9E3rOZgQsOxjrnEc1AzoLEtbl8fZrLFz/ZZ+RUP/zF4O2BBnza+0WZs/KqBF9hf7KXOvuhcOZiDBPRlk+DmH4SI9og3QLYYi/uFp7HpV4o/CR3mALdlKX4GT1uAnTr3+ARcnSUmvru8XZvugiCTWrg=']}> logging successful
[INFO][2019-06-20 16:25:19,900][/Users/kobo/Desktop/hbruraldoctor/app_login/views.py][views.py][wrapper][155] > api:registerPort delete done imei:2B60FABA-37AA-4EA6-B3B6-11F608653689 key:20190620162519-53229
[INFO][2019-06-20 16:25:19,910][/Users/kobo/Desktop/hbruraldoctor/app_login/views.py][views.py][loginAccount][367] > api_validateView error 密码错误
[INFO][2019-06-20 16:27:19,549][/Users/kobo/Desktop/hbruraldoctor/app_login/views.py][views.py][validatePort][76] > xingming:<QueryDict: {'Imei': ['2B60FABA-37AA-4EA6-B3B6-11F608653689'], 'Key': ['20190620162719-72956'], 'Sign': ['3A28D2E03D90276AE865B24E2CAA8246'], 'Source': ['1'], 'Version': ['1.0']}> logging successful
[INFO][2019-06-20 16:27:19,594][/Users/kobo/Desktop/hbruraldoctor/app_login/views.py][views.py][wrapper][155] > api:registerPort delete done imei:2B60FABA-37AA-4EA6-B3B6-11F608653689 key:20190620162719-72956
[INFO][2019-06-20 16:27:19,594][/Users/kobo/Desktop/hbruraldoctor/app_login/views.py][views.py][publishKey][256] > 请求publicKey success!
[INFO][2019-06-20 16:27:19,699][/Users/kobo/Desktop/hbruraldoctor/app_login/views.py][views.py][validatePort][76] > xingming:<QueryDict: {'Imei': ['2B60FABA-37AA-4EA6-B3B6-11F608653689'], 'Key': ['20190620162719-83951'], 'Sign': ['C5612237DA3BBFD8216D16B28206087B'], 'Source': ['1'], 'Version': ['1.0'], 'mobile': ['18350019632'], 'password': ['TFX4RJ1GYRCN1nlNYheFWa+LNtXPkKXWz9SEJp45mA99Zzlu2ddd0snh7CMwxi5sY78SuCm81xl4dO1+uUcnknf21Tq8eG/csi++fXxcPq9kkTgn43he6/6Wk9F7R83+fM2QTX+b+lCfAQ+XpRLgBKAwVahWdloYGYp6NU1k4Ww=']}> logging successful
[INFO][2019-06-20 16:27:19,723][/Users/kobo/Desktop/hbruraldoctor/app_login/views.py][views.py][wrapper][155] > api:registerPort delete done imei:2B60FABA-37AA-4EA6-B3B6-11F608653689 key:20190620162719-83951
[INFO][2019-06-20 16:27:19,730][/Users/kobo/Desktop/hbruraldoctor/app_login/views.py][views.py][loginAccount][367] > api_validateView error 密码错误
[INFO][2019-06-20 16:28:10,231][/Users/kobo/Desktop/hbruraldoctor/app_login/views.py][views.py][validatePort][76] > xingming:<QueryDict: {'Imei': ['2B60FABA-37AA-4EA6-B3B6-11F608653689'], 'Key': ['20190620162806-71780'], 'Sign': ['F382854E12CA63044EFE383AD6D0D142'], 'Source': ['1'], 'Version': ['1.0']}> logging successful
[INFO][2019-06-20 16:28:10,282][/Users/kobo/Desktop/hbruraldoctor/app_login/views.py][views.py][wrapper][155] > api:registerPort delete done imei:2B60FABA-37AA-4EA6-B3B6-11F608653689 key:20190620162806-71780
[INFO][2019-06-20 16:28:10,282][/Users/kobo/Desktop/hbruraldoctor/app_login/views.py][views.py][publishKey][256] > 请求publicKey success!
[INFO][2019-06-20 16:28:10,396][/Users/kobo/Desktop/hbruraldoctor/app_login/views.py][views.py][validatePort][76] > xingming:<QueryDict: {'Imei': ['2B60FABA-37AA-4EA6-B3B6-11F608653689'], 'Key': ['20190620162810-35976'], 'Sign': ['D141D9648D05549D5BBD0C27FCF055DA'], 'Source': ['1'], 'Version': ['1.0'], 'mobile': ['18350019632'], 'password': ['bHZ5GbTQp8y0CzKV7a+qNuliN5pRoZpfcU0TV40MsD6dbX7TJ8U2uSM+5XamY5+GnbHI60CntVb/xrdW87rEh6NZQJwflQQDEL2DMt+iH+duMJqBIj2a1x/bai49V7PuyLlCfJtRybBua30JSRHHshb2TilA2eSD0RQu8W7ZTDU=']}> logging successful
[INFO][2019-06-20 16:28:10,426][/Users/kobo/Desktop/hbruraldoctor/app_login/views.py][views.py][wrapper][155] > api:registerPort delete done imei:2B60FABA-37AA-4EA6-B3B6-11F608653689 key:20190620162810-35976
[INFO][2019-06-20 16:28:10,433][/Users/kobo/Desktop/hbruraldoctor/app_login/views.py][views.py][loginAccount][367] > api_validateView error 密码错误
[INFO][2019-06-20 16:29:03,678][/Users/kobo/Desktop/hbruraldoctor/app_login/views.py][views.py][validatePort][76] > xingming:<QueryDict: {'Imei': ['2B60FABA-37AA-4EA6-B3B6-11F608653689'], 'Key': ['20190620162903-53811'], 'Sign': ['AF68A9543F98C2E68F7E76B11BAFE267'], 'Source': ['1'], 'Version': ['1.0']}> logging successful
[INFO][2019-06-20 16:29:03,714][/Users/kobo/Desktop/hbruraldoctor/app_login/views.py][views.py][wrapper][155] > api:registerPort delete done imei:2B60FABA-37AA-4EA6-B3B6-11F608653689 key:20190620162903-53811
[INFO][2019-06-20 16:29:03,714][/Users/kobo/Desktop/hbruraldoctor/app_login/views.py][views.py][publishKey][256] > 请求publicKey success!
[INFO][2019-06-20 16:29:03,804][/Users/kobo/Desktop/hbruraldoctor/app_login/views.py][views.py][validatePort][76] > xingming:<QueryDict: {'Imei': ['2B60FABA-37AA-4EA6-B3B6-11F608653689'], 'Key': ['20190620162903-71486'], 'Sign': ['56FA60E171D0226C6775A0560B94CF97'], 'Source': ['1'], 'Version': ['1.0'], 'mobile': ['18350019632'], 'password': ['cf5Kd0WsQHi+l/mgnBUGCL6rtKAH+bz73PtLg2ePJJQVEfhD/bh9WNXI//cN7FPP4kAE/NequiCVRbTYh6OdnqARgLY4C3fPWh//+dEwt9V2egcvl49C3pXfdlCxSZiGYx1Mpz7gWgbvmmlpwFTP41IUGaAbhR/HW4bNxvyYEBY=']}> logging successful
[INFO][2019-06-20 16:29:03,837][/Users/kobo/Desktop/hbruraldoctor/app_login/views.py][views.py][wrapper][155] > api:registerPort delete done imei:2B60FABA-37AA-4EA6-B3B6-11F608653689 key:20190620162903-71486
[INFO][2019-06-20 16:29:03,844][/Users/kobo/Desktop/hbruraldoctor/app_login/views.py][views.py][loginAccount][359] > api:registerPort succesful telphone:18350019632
[INFO][2019-06-20 16:29:18,658][/Users/kobo/Desktop/hbruraldoctor/app_login/views.py][views.py][validatePort][76] > xingming:<QueryDict: {'Imei': ['2B60FABA-37AA-4EA6-B3B6-11F608653689'], 'Key': ['20190620162918-72773'], 'Sign': ['C23E8BCAF7F47871D8A8C80BD8F59CC6'], 'Source': ['1'], 'Version': ['1.0']}> logging successful
[INFO][2019-06-20 16:29:18,705][/Users/kobo/Desktop/hbruraldoctor/app_login/views.py][views.py][wrapper][155] > api:registerPort delete done imei:2B60FABA-37AA-4EA6-B3B6-11F608653689 key:20190620162918-72773
[INFO][2019-06-20 16:29:18,706][/Users/kobo/Desktop/hbruraldoctor/app_login/views.py][views.py][publishKey][256] > 请求publicKey success!
[INFO][2019-06-20 16:29:18,836][/Users/kobo/Desktop/hbruraldoctor/app_login/views.py][views.py][validatePort][76] > xingming:<QueryDict: {'Imei': ['2B60FABA-37AA-4EA6-B3B6-11F608653689'], 'Key': ['20190620162918-26022'], 'Sign': ['4676113674D49E4A394E50BC1E9E58C5'], 'Source': ['1'], 'Version': ['1.0'], 'mobile': ['18350019632'], 'password': ['Xebp8Y+lvdvu+PlcFY143kaQzXcgTa5pxxyyBNoc8yhwsjmQJvsMuxQ5CxCVCt/RJWVVCN9Vl4F9AjvnmvN3GvtOjooE9k0HHLF25r/rcrvP3n/GlDJRwmCSWU1UhouNR0SodLAwoJXwOFXietOVRT/ZqRcPJnGUAcQm7IrCxuU=']}> logging successful
[INFO][2019-06-20 16:29:18,869][/Users/kobo/Desktop/hbruraldoctor/app_login/views.py][views.py][wrapper][155] > api:registerPort delete done imei:2B60FABA-37AA-4EA6-B3B6-11F608653689 key:20190620162918-26022
[INFO][2019-06-20 16:29:18,877][/Users/kobo/Desktop/hbruraldoctor/app_login/views.py][views.py][loginAccount][367] > api_validateView error 密码错误
[INFO][2019-06-20 16:31:10,357][/Users/kobo/Desktop/hbruraldoctor/app_login/views.py][views.py][validatePort][76] > xingming:<QueryDict: {'Imei': ['2B60FABA-37AA-4EA6-B3B6-11F608653689'], 'Key': ['20190620163105-77398'], 'Sign': ['8A0AB39A58C1010CFE96152CF0A0D54E'], 'Source': ['1'], 'Version': ['1.0']}> logging successful
[INFO][2019-06-20 16:31:10,405][/Users/kobo/Desktop/hbruraldoctor/app_login/views.py][views.py][wrapper][155] > api:registerPort delete done imei:2B60FABA-37AA-4EA6-B3B6-11F608653689 key:20190620163105-77398
[INFO][2019-06-20 16:31:10,405][/Users/kobo/Desktop/hbruraldoctor/app_login/views.py][views.py][publishKey][256] > 请求publicKey success!
[INFO][2019-06-20 16:31:10,748][/Users/kobo/Desktop/hbruraldoctor/app_login/views.py][views.py][validatePort][76] > xingming:<QueryDict: {'Imei': ['2B60FABA-37AA-4EA6-B3B6-11F608653689'], 'Key': ['20190620163110-71488'], 'Sign': ['B18C9AD458F824D8DF23DDD337172B9B'], 'Source': ['1'], 'Version': ['1.0'], 'mobile': ['18350019632'], 'password': ['u1r42WLfvn9KtRUkARa1xgr3Pv3sHVKjbnKpzmqNenClZXZWZa2yxX3SmyFsWJKXzFbWqGhXL4m30rI83Zbi9DAygcWuQ6mghjuAJhpjn85u7x1wvLkTuGOs6ReKCBqyUtV6zVumVgCjLCn2r40Pg8vls61qN8SygZN6zJ/G5D4=']}> logging successful
[INFO][2019-06-20 16:31:10,775][/Users/kobo/Desktop/hbruraldoctor/app_login/views.py][views.py][wrapper][155] > api:registerPort delete done imei:2B60FABA-37AA-4EA6-B3B6-11F608653689 key:20190620163110-71488
[INFO][2019-06-20 16:31:10,783][/Users/kobo/Desktop/hbruraldoctor/app_login/views.py][views.py][loginAccount][367] > api_validateView error 密码错误
[INFO][2019-06-20 16:31:41,691][/Users/kobo/Desktop/hbruraldoctor/app_login/views.py][views.py][validatePort][76] > xingming:<QueryDict: {'Imei': ['2B60FABA-37AA-4EA6-B3B6-11F608653689'], 'Key': ['20190620163137-66886'], 'Sign': ['1F232E1C97008EF13D1E73CE0737DFA9'], 'Source': ['1'], 'Version': ['1.0']}> logging successful
[INFO][2019-06-20 16:31:41,745][/Users/kobo/Desktop/hbruraldoctor/app_login/views.py][views.py][wrapper][155] > api:registerPort delete done imei:2B60FABA-37AA-4EA6-B3B6-11F608653689 key:20190620163137-66886
[INFO][2019-06-20 16:31:41,745][/Users/kobo/Desktop/hbruraldoctor/app_login/views.py][views.py][publishKey][256] > 请求publicKey success!
[INFO][2019-06-20 16:31:41,878][/Users/kobo/Desktop/hbruraldoctor/app_login/views.py][views.py][validatePort][76] > xingming:<QueryDict: {'Imei': ['2B60FABA-37AA-4EA6-B3B6-11F608653689'], 'Key': ['20190620163141-24914'], 'Sign': ['C2CD891B455254751EC534333C93F7FB'], 'Source': ['1'], 'Version': ['1.0'], 'mobile': ['18350019632'], 'password': ['leVOyrUufNlVsujGcr0nsQRoQaKZxfcnIR8kurvf33PP1XqjHna9NTegIo19+W555rlbAHUSDlUKyasC5VVL6ZCT/Hha5SSAyFnY4fQYPedd+xSwUWWZtBd+IZXElZ5DYS/ETTNlZLW/aX6aSRMiKolobO2TbVN9K06sfQKSyZk=']}> logging successful
[INFO][2019-06-20 16:31:41,915][/Users/kobo/Desktop/hbruraldoctor/app_login/views.py][views.py][wrapper][155] > api:registerPort delete done imei:2B60FABA-37AA-4EA6-B3B6-11F608653689 key:20190620163141-24914
[INFO][2019-06-20 16:31:41,922][/Users/kobo/Desktop/hbruraldoctor/app_login/views.py][views.py][loginAccount][367] > api_validateView error 密码错误
[INFO][2019-06-20 16:31:41,923][/Users/kobo/Desktop/hbruraldoctor/app_login/views.py][views.py][wrapper][163] > api:validateView error local variable 'e' referenced before assignment
[INFO][2019-06-20 16:32:09,056][/Users/kobo/Desktop/hbruraldoctor/app_login/views.py][views.py][validatePort][76] > xingming:<QueryDict: {'Imei': ['2B60FABA-37AA-4EA6-B3B6-11F608653689'], 'Key': ['20190620163202-75215'], 'Sign': ['560D0473C992CCE818D318E05C365B09'], 'Source': ['1'], 'Version': ['1.0']}> logging successful
[INFO][2019-06-20 16:32:09,114][/Users/kobo/Desktop/hbruraldoctor/app_login/views.py][views.py][wrapper][155] > api:registerPort delete done imei:2B60FABA-37AA-4EA6-B3B6-11F608653689 key:20190620163202-75215
[INFO][2019-06-20 16:32:09,114][/Users/kobo/Desktop/hbruraldoctor/app_login/views.py][views.py][publishKey][256] > 请求publicKey success!
[INFO][2019-06-20 16:32:09,216][/Users/kobo/Desktop/hbruraldoctor/app_login/views.py][views.py][validatePort][76] > xingming:<QueryDict: {'Imei': ['2B60FABA-37AA-4EA6-B3B6-11F608653689'], 'Key': ['20190620163209-40224'], 'Sign': ['48ED25C3E2F805F29B420A38FB6B4050'], 'Source': ['1'], 'Version': ['1.0'], 'mobile': ['18350019632'], 'password': ['CLcX3k8gQohP4DFzvuCSNxaA+pgysHMif3s/ddSSO7qbs2LUKKN6nN5qYAH2nGbry2PN6+hC40JPh+KnDyiA1csOAfDu6HGvUwatYoQs1iwHW4B1icNUHTJOwT1EaxoEic55rqcw/WOT3ZRAy7Aom2c/oBwZhA8g4yz+0/5BmAE=']}> logging successful
[INFO][2019-06-20 16:32:09,258][/Users/kobo/Desktop/hbruraldoctor/app_login/views.py][views.py][wrapper][155] > api:registerPort delete done imei:2B60FABA-37AA-4EA6-B3B6-11F608653689 key:20190620163209-40224
[INFO][2019-06-20 16:32:09,272][/Users/kobo/Desktop/hbruraldoctor/app_login/views.py][views.py][loginAccount][367] > api_validateView error 密码错误
[INFO][2019-06-20 16:34:26,383][/Users/kobo/Desktop/hbruraldoctor/app_login/views.py][views.py][validatePort][76] > xingming:<QueryDict: {'Imei': ['2B60FABA-37AA-4EA6-B3B6-11F608653689'], 'Key': ['20190620163424-95728'], 'Sign': ['B335D6E732C40D1F8A111F8C4CE5D868'], 'Source': ['1'], 'Version': ['1.0']}> logging successful
[INFO][2019-06-20 16:34:26,455][/Users/kobo/Desktop/hbruraldoctor/app_login/views.py][views.py][wrapper][155] > api:registerPort delete done imei:2B60FABA-37AA-4EA6-B3B6-11F608653689 key:20190620163424-95728
[INFO][2019-06-20 16:34:26,456][/Users/kobo/Desktop/hbruraldoctor/app_login/views.py][views.py][publishKey][256] > 请求publicKey success!
[INFO][2019-06-20 16:34:26,598][/Users/kobo/Desktop/hbruraldoctor/app_login/views.py][views.py][validatePort][76] > xingming:<QueryDict: {'Imei': ['2B60FABA-37AA-4EA6-B3B6-11F608653689'], 'Key': ['20190620163426-33553'], 'Sign': ['0F7429201FDEAED4CDA42C34A409FDA9'], 'Source': ['1'], 'Version': ['1.0'], 'mobile': ['18350019632'], 'password': ['pcyszWuKu8JXd5hdf0yC7nfA2wD4K+kIMYLNvtdYCfC9J6VZfqN89DH9G4WgOs2M3zVxDbVbyHkW/aGy84CWZ9Y/JoZfrl7RC0wgVjrd/O4QediKp4DATeESBJdXH8qYETp92v73wLP4A0GJdRxZ/YTh615VmuaVy3eHJtmAA9w=']}> logging successful
[INFO][2019-06-20 16:34:26,685][/Users/kobo/Desktop/hbruraldoctor/app_login/views.py][views.py][wrapper][155] > api:registerPort delete done imei:2B60FABA-37AA-4EA6-B3B6-11F608653689 key:20190620163426-33553
[INFO][2019-06-20 16:34:26,695][/Users/kobo/Desktop/hbruraldoctor/app_login/views.py][views.py][loginAccount][367] > api_validateView error 密码错误
[INFO][2019-06-20 16:36:51,245][/Users/kobo/Desktop/hbruraldoctor/app_login/views.py][views.py][validatePort][76] > xingming:<QueryDict: {'Imei': ['2B60FABA-37AA-4EA6-B3B6-11F608653689'], 'Key': ['20190620163647-71064'], 'Sign': ['7E63AFEE03481D920C1DF8A77D4C0BD4'], 'Source': ['1'], 'Version': ['1.0']}> logging successful
[INFO][2019-06-20 16:36:51,298][/Users/kobo/Desktop/hbruraldoctor/app_login/views.py][views.py][wrapper][155] > api:registerPort delete done imei:2B60FABA-37AA-4EA6-B3B6-11F608653689 key:20190620163647-71064
[INFO][2019-06-20 16:36:51,299][/Users/kobo/Desktop/hbruraldoctor/app_login/views.py][views.py][publishKey][256] > 请求publicKey success!
[INFO][2019-06-20 16:36:51,403][/Users/kobo/Desktop/hbruraldoctor/app_login/views.py][views.py][validatePort][76] > xingming:<QueryDict: {'Imei': ['2B60FABA-37AA-4EA6-B3B6-11F608653689'], 'Key': ['20190620163651-99540'], 'Sign': ['3E33900CBE9EE353C071A15E37219D16'], 'Source': ['1'], 'Version': ['1.0'], 'mobile': ['18350019632'], 'password': ['kUDs7KJXMFqTPRqbINhLD1yyfFgvmtEzAyL1OE8rU1XJB2TrpkO2a0W1s/VNNbrPrPWXrNUDhONHZ7w2f/Qy22avo3p5lTpyV9oeMAQ+jpgYbYhaPTiusvgDJ5r92TeiICi1vMh1XMdedissl2l3986W1FWbamFz1rDEZvi8Hrw=']}> logging successful
[INFO][2019-06-20 16:36:51,435][/Users/kobo/Desktop/hbruraldoctor/app_login/views.py][views.py][wrapper][155] > api:registerPort delete done imei:2B60FABA-37AA-4EA6-B3B6-11F608653689 key:20190620163651-99540
[INFO][2019-06-20 16:36:51,441][/Users/kobo/Desktop/hbruraldoctor/app_login/views.py][views.py][loginAccount][367] > api_validateView error 密码错误
[INFO][2019-06-20 16:37:49,715][/Users/kobo/Desktop/hbruraldoctor/app_login/views.py][views.py][validatePort][76] > xingming:<QueryDict: {'Imei': ['2B60FABA-37AA-4EA6-B3B6-11F608653689'], 'Key': ['20190620163749-71222'], 'Sign': ['3069A86770E7B4737B893AEDEF26E54A'], 'Source': ['1'], 'Version': ['1.0']}> logging successful
[INFO][2019-06-20 16:37:49,765][/Users/kobo/Desktop/hbruraldoctor/app_login/views.py][views.py][wrapper][155] > api:registerPort delete done imei:2B60FABA-37AA-4EA6-B3B6-11F608653689 key:20190620163749-71222
[INFO][2019-06-20 16:37:49,765][/Users/kobo/Desktop/hbruraldoctor/app_login/views.py][views.py][publishKey][256] > 请求publicKey success!
[INFO][2019-06-20 16:37:49,860][/Users/kobo/Desktop/hbruraldoctor/app_login/views.py][views.py][validatePort][76] > xingming:<QueryDict: {'Imei': ['2B60FABA-37AA-4EA6-B3B6-11F608653689'], 'Key': ['20190620163749-70083'], 'Sign': ['2E61AFB1405D1FD8F048CD50EC0585F7'], 'Source': ['1'], 'Version': ['1.0'], 'mobile': ['18350019632'], 'password': ['Dz8nicEFTLRAJYDl5SBnnWD5ONjhYCh38kWbxJoHD3HYLnqfv362vhB0fQjp4j0tjLcA3pRIZYtAN1VqsLA4O04Fo/jU9K52/QqAQzWqN4NNCeHvpqJXINII2nrirH6X76TXz4bl6T3OS0jgdxseGl150YsoekhK7KezbhHpD78=']}> logging successful
[INFO][2019-06-20 16:37:49,888][/Users/kobo/Desktop/hbruraldoctor/app_login/views.py][views.py][wrapper][155] > api:registerPort delete done imei:2B60FABA-37AA-4EA6-B3B6-11F608653689 key:20190620163749-70083
[INFO][2019-06-20 16:37:49,895][/Users/kobo/Desktop/hbruraldoctor/app_login/views.py][views.py][loginAccount][369] > api_validateView error 密码错误
[INFO][2019-06-20 16:38:08,351][/Users/kobo/Desktop/hbruraldoctor/app_login/views.py][views.py][validatePort][76] > xingming:<QueryDict: {'Imei': ['2B60FABA-37AA-4EA6-B3B6-11F608653689'], 'Key': ['20190620163808-46066'], 'Sign': ['6D274379DFB490FBDCD8202AC9123FA0'], 'Source': ['1'], 'Version': ['1.0']}> logging successful
[INFO][2019-06-20 16:38:08,381][/Users/kobo/Desktop/hbruraldoctor/app_login/views.py][views.py][wrapper][155] > api:registerPort delete done imei:2B60FABA-37AA-4EA6-B3B6-11F608653689 key:20190620163808-46066
[INFO][2019-06-20 16:38:08,382][/Users/kobo/Desktop/hbruraldoctor/app_login/views.py][views.py][publishKey][256] > 请求publicKey success!
[INFO][2019-06-20 16:38:08,479][/Users/kobo/Desktop/hbruraldoctor/app_login/views.py][views.py][validatePort][76] > xingming:<QueryDict: {'Imei': ['2B60FABA-37AA-4EA6-B3B6-11F608653689'], 'Key': ['20190620163808-69545'], 'Sign': ['43DD9707B7B01CBD43EFBF30A35D62FC'], 'Source': ['1'], 'Version': ['1.0'], 'mobile': ['18350019632'], 'password': ['L4fVfYTR8TjTfd6QPdUnxhTqVlIFY/6aEa4VKKxIFdfIwC/pB+MRjutuGHLjrN7CobEsgSw8qzXMJS5cAAGBbG178cvCH0GEBE5RQXbCgYaqklmVl2xHo/0zPTOHpeL0OHleFSW6bym1RSKp7EG8NDylzp45u4PmqVlk6mu44ok=']}> logging successful
[INFO][2019-06-20 16:38:08,503][/Users/kobo/Desktop/hbruraldoctor/app_login/views.py][views.py][wrapper][155] > api:registerPort delete done imei:2B60FABA-37AA-4EA6-B3B6-11F608653689 key:20190620163808-69545
[INFO][2019-06-20 16:38:08,509][/Users/kobo/Desktop/hbruraldoctor/app_login/views.py][views.py][loginAccount][369] > api_validateView error 密码错误
[INFO][2019-06-20 16:44:13,755][/Users/kobo/Desktop/hbruraldoctor/app_login/views.py][views.py][validatePort][76] > xingming:<QueryDict: {'Imei': ['2B60FABA-37AA-4EA6-B3B6-11F608653689'], 'Key': ['20190620164412-52923'], 'Sign': ['63FCCEAF9B04D3EEE3AC69B2F73A2675'], 'Source': ['1'], 'Version': ['1.0']}> logging successful
[INFO][2019-06-20 16:44:13,811][/Users/kobo/Desktop/hbruraldoctor/app_login/views.py][views.py][wrapper][155] > api:registerPort delete done imei:2B60FABA-37AA-4EA6-B3B6-11F608653689 key:20190620164412-52923
[INFO][2019-06-20 16:44:13,811][/Users/kobo/Desktop/hbruraldoctor/app_login/views.py][views.py][publishKey][256] > 请求publicKey success!
[INFO][2019-06-20 16:44:13,960][/Users/kobo/Desktop/hbruraldoctor/app_login/views.py][views.py][validatePort][76] > xingming:<QueryDict: {'Imei': ['2B60FABA-37AA-4EA6-B3B6-11F608653689'], 'Key': ['20190620164413-75178'], 'Sign': ['1408A98276AD4421D6224C05BF541614'], 'Source': ['1'], 'Version': ['1.0'], 'mobile': ['18350019632'], 'password': ['KUm3/R5EWajfL086BmvzWP6tidCFlJhtIm8/j1zHuXNyU4WzkILGqTNMXLrXJX+r64BAu0ku4xfkwoS8Yjpuxb+TYnGYQmWflwnC4jdgGp6gNyKaGurjJyHiCSV7+j3o/wcv8uTVrTGtg4sBjgK/oRa6odPB1Ku/ilIMmlPJ+fE=']}> logging successful
[INFO][2019-06-20 16:44:13,998][/Users/kobo/Desktop/hbruraldoctor/app_login/views.py][views.py][wrapper][155] > api:registerPort delete done imei:2B60FABA-37AA-4EA6-B3B6-11F608653689 key:20190620164413-75178
[INFO][2019-06-20 16:45:54,176][/Users/kobo/Desktop/hbruraldoctor/app_login/views.py][views.py][validatePort][76] > xingming:<QueryDict: {'Imei': ['2B60FABA-37AA-4EA6-B3B6-11F608653689'], 'Key': ['20190620164554-59294'], 'Sign': ['5455C2F3959E26C6D315F810CE0A99C6'], 'Source': ['1'], 'Version': ['1.0']}> logging successful
[INFO][2019-06-20 16:45:54,213][/Users/kobo/Desktop/hbruraldoctor/app_login/views.py][views.py][wrapper][155] > api:registerPort delete done imei:2B60FABA-37AA-4EA6-B3B6-11F608653689 key:20190620164554-59294
[INFO][2019-06-20 16:45:54,213][/Users/kobo/Desktop/hbruraldoctor/app_login/views.py][views.py][publishKey][256] > 请求publicKey success!
[INFO][2019-06-20 16:45:54,313][/Users/kobo/Desktop/hbruraldoctor/app_login/views.py][views.py][validatePort][76] > xingming:<QueryDict: {'Imei': ['2B60FABA-37AA-4EA6-B3B6-11F608653689'], 'Key': ['20190620164554-28737'], 'Sign': ['EFC19F21814ED38B2E3261AEE7B22894'], 'Source': ['1'], 'Version': ['1.0'], 'mobile': ['18350019632'], 'password': ['g24p+U7zDidaCbIxwkfmPXkgJA7e7wjLBtqewNsUBhvWQgW3AYkpBeslLVKQQSUVzuSw6A9+M9run+KvgnwHjmHZBAobU/DgeAqumFoK5aKXFjDPImkJg4A0NCJgSfgHiIX9gjQiB0wJdOk2rbTJHN7abDt8K14h59Xym0S/REc=']}> logging successful
[INFO][2019-06-20 16:45:54,339][/Users/kobo/Desktop/hbruraldoctor/app_login/views.py][views.py][wrapper][155] > api:registerPort delete done imei:2B60FABA-37AA-4EA6-B3B6-11F608653689 key:20190620164554-28737
[INFO][2019-06-20 16:46:03,203][/Users/kobo/Desktop/hbruraldoctor/app_login/views.py][views.py][validatePort][76] > xingming:<QueryDict: {'Imei': ['2B60FABA-37AA-4EA6-B3B6-11F608653689'], 'Key': ['20190620164603-24036'], 'Sign': ['14626FAF6588663F3E0D14DF10C5E324'], 'Source': ['1'], 'Version': ['1.0']}> logging successful
[INFO][2019-06-20 16:46:03,235][/Users/kobo/Desktop/hbruraldoctor/app_login/views.py][views.py][wrapper][155] > api:registerPort delete done imei:2B60FABA-37AA-4EA6-B3B6-11F608653689 key:20190620164603-24036
[INFO][2019-06-20 16:46:03,235][/Users/kobo/Desktop/hbruraldoctor/app_login/views.py][views.py][publishKey][256] > 请求publicKey success!
[INFO][2019-06-20 16:46:03,331][/Users/kobo/Desktop/hbruraldoctor/app_login/views.py][views.py][validatePort][76] > xingming:<QueryDict: {'Imei': ['2B60FABA-37AA-4EA6-B3B6-11F608653689'], 'Key': ['20190620164603-55894'], 'Sign': ['1FFFD90588D0E49E27F8541AB31777EE'], 'Source': ['1'], 'Version': ['1.0'], 'mobile': ['18350019632'], 'password': ['wUxnQyl+FjwBeeFd/HjSaF+tTOWwAVwasJ3PqZirO4fzJseRpLRk6CIcFRRnjiaXYdrq4UvBSAl36+EIhsUtMd3xq69x7fz6XHhXS9UB1+apyJxs2WlrlnPG0CM7ZmbTiDBon9NWGKZqOROqOe0ZExwjPy5Ah6+JuxEI0FOWMWg=']}> logging successful
[INFO][2019-06-20 16:46:03,369][/Users/kobo/Desktop/hbruraldoctor/app_login/views.py][views.py][wrapper][155] > api:registerPort delete done imei:2B60FABA-37AA-4EA6-B3B6-11F608653689 key:20190620164603-55894
[INFO][2019-06-20 16:47:55,830][/Users/kobo/Desktop/hbruraldoctor/app_login/views.py][views.py][validatePort][76] > xingming:<QueryDict: {'Imei': ['2B60FABA-37AA-4EA6-B3B6-11F608653689'], 'Key': ['20190620164750-38648'], 'Sign': ['63FD916E75918C70E2754C30E07D844C'], 'Source': ['1'], 'Version': ['1.0']}> logging successful
[INFO][2019-06-20 16:47:55,881][/Users/kobo/Desktop/hbruraldoctor/app_login/views.py][views.py][wrapper][155] > api:registerPort delete done imei:2B60FABA-37AA-4EA6-B3B6-11F608653689 key:20190620164750-38648
[INFO][2019-06-20 16:47:55,881][/Users/kobo/Desktop/hbruraldoctor/app_login/views.py][views.py][publishKey][256] > 请求publicKey success!
[INFO][2019-06-20 16:47:55,997][/Users/kobo/Desktop/hbruraldoctor/app_login/views.py][views.py][validatePort][76] > xingming:<QueryDict: {'Imei': ['2B60FABA-37AA-4EA6-B3B6-11F608653689'], 'Key': ['20190620164755-93289'], 'Sign': ['47DC1721F4E50FEAFC718E3DA044E68A'], 'Source': ['1'], 'Version': ['1.0'], 'mobile': ['18350019632'], 'password': ['bVqQTBUV7bCnepryu0doqcngrCzSS9wQq4uWRJV6Lq5ScAw3jBskmojN2jGTkojUG73RB3OK22SdDU8z4dzy0l4gWzOJIzsuvWMqgp3dfJWpqxagMN/ZmjteweXOYmsK7sRR0gql76I1k9Hj0Fy/d7DojwXw3Xoc9DdCaSdyiYM=']}> logging successful
[INFO][2019-06-20 16:47:56,076][/Users/kobo/Desktop/hbruraldoctor/app_login/views.py][views.py][wrapper][155] > api:registerPort delete done imei:2B60FABA-37AA-4EA6-B3B6-11F608653689 key:20190620164755-93289
[INFO][2019-06-20 16:47:56,086][/Users/kobo/Desktop/hbruraldoctor/app_login/views.py][views.py][wrapper][163] > api:validateView error name 'ffffff' is not defined
[INFO][2019-06-20 16:48:46,994][/Users/kobo/Desktop/hbruraldoctor/app_login/views.py][views.py][validatePort][76] > xingming:<QueryDict: {'Imei': ['2B60FABA-37AA-4EA6-B3B6-11F608653689'], 'Key': ['20190620164841-22676'], 'Sign': ['93242D2B076545D05639D54671AABC03'], 'Source': ['1'], 'Version': ['1.0']}> logging successful
[INFO][2019-06-20 16:48:47,046][/Users/kobo/Desktop/hbruraldoctor/app_login/views.py][views.py][wrapper][155] > api:registerPort delete done imei:2B60FABA-37AA-4EA6-B3B6-11F608653689 key:20190620164841-22676
[INFO][2019-06-20 16:48:47,047][/Users/kobo/Desktop/hbruraldoctor/app_login/views.py][views.py][publishKey][256] > 请求publicKey success!
[INFO][2019-06-20 16:48:47,170][/Users/kobo/Desktop/hbruraldoctor/app_login/views.py][views.py][validatePort][76] > xingming:<QueryDict: {'Imei': ['2B60FABA-37AA-4EA6-B3B6-11F608653689'], 'Key': ['20190620164847-10485'], 'Sign': ['7E1AD96591C49FC79B204514A4BEB57E'], 'Source': ['1'], 'Version': ['1.0'], 'mobile': ['18350019632'], 'password': ['PhT+8mnlhIesacplc2Qd4P29KRgmRhW/BIyAIwafmp2+Z/H4uUlxf1jqBbNWfgRYBxpuVzhTxPZnlLn3vQbd1eUpAg9RdLvNv5TjJTRyBdtuINgBoArhdRwMorUiZaFt36IaWQCa0WWZubCq791NfTIEy24t3utbB21XvhUAKrs=']}> logging successful
[INFO][2019-06-20 16:48:47,209][/Users/kobo/Desktop/hbruraldoctor/app_login/views.py][views.py][wrapper][155] > api:registerPort delete done imei:2B60FABA-37AA-4EA6-B3B6-11F608653689 key:20190620164847-10485
[INFO][2019-06-20 16:48:47,216][/Users/kobo/Desktop/hbruraldoctor/app_login/views.py][views.py][decryptPassword][306] > api:validateView error 测试
[INFO][2019-06-20 16:49:34,126][/Users/kobo/Desktop/hbruraldoctor/app_login/views.py][views.py][validatePort][76] > xingming:<QueryDict: {'Imei': ['2B60FABA-37AA-4EA6-B3B6-11F608653689'], 'Key': ['20190620164929-8917'], 'Sign': ['3C28C2E8161EF140C73B4FB225358B69'], 'Source': ['1'], 'Version': ['1.0']}> logging successful
[INFO][2019-06-20 16:49:34,178][/Users/kobo/Desktop/hbruraldoctor/app_login/views.py][views.py][wrapper][155] > api:registerPort delete done imei:2B60FABA-37AA-4EA6-B3B6-11F608653689 key:20190620164929-8917
[INFO][2019-06-20 16:49:34,178][/Users/kobo/Desktop/hbruraldoctor/app_login/views.py][views.py][publishKey][256] > 请求publicKey success!
[INFO][2019-06-20 16:49:34,285][/Users/kobo/Desktop/hbruraldoctor/app_login/views.py][views.py][validatePort][76] > xingming:<QueryDict: {'Imei': ['2B60FABA-37AA-4EA6-B3B6-11F608653689'], 'Key': ['20190620164934-29733'], 'Sign': ['7AAAB41DB6F82D18D9BA027FC02586A1'], 'Source': ['1'], 'Version': ['1.0'], 'mobile': ['18350019632'], 'password': ['VDY5sNwHfzmCdKHE2MdeQWc+zD2Ytv9Eju3J1VkoTkMqZ9UiwEZmfsF8VEpBWu2+BdDILUGk14v9kKrNkz+sCrRhmty+7vyy1MEn1KhE5TOAyoYEIO3asjReWRaSA2Und9yAtxwfTEwvt1N+pcAyUP2oAWPlyYURQ7A0afBX/5c=']}> logging successful
[INFO][2019-06-20 16:49:34,313][/Users/kobo/Desktop/hbruraldoctor/app_login/views.py][views.py][wrapper][155] > api:registerPort delete done imei:2B60FABA-37AA-4EA6-B3B6-11F608653689 key:20190620164934-29733
[INFO][2019-06-20 16:49:34,319][/Users/kobo/Desktop/hbruraldoctor/app_login/views.py][views.py][decryptPassword][306] > api:validateView error 测试
[INFO][2019-06-20 16:52:24,733][/Users/kobo/Desktop/hbruraldoctor/app_login/views.py][views.py][validatePort][76] > xingming:<QueryDict: {'Imei': ['2B60FABA-37AA-4EA6-B3B6-11F608653689'], 'Key': ['20190620165221-28038'], 'Sign': ['602C13A531EC5FA4E4DEDD8CCA4D7DD7'], 'Source': ['1'], 'Version': ['1.0']}> logging successful
[INFO][2019-06-20 16:52:24,798][/Users/kobo/Desktop/hbruraldoctor/app_login/views.py][views.py][wrapper][155] > api:registerPort delete done imei:2B60FABA-37AA-4EA6-B3B6-11F608653689 key:20190620165221-28038
[INFO][2019-06-20 16:52:24,799][/Users/kobo/Desktop/hbruraldoctor/app_login/views.py][views.py][publishKey][256] > 请求publicKey success!
[INFO][2019-06-20 16:52:24,909][/Users/kobo/Desktop/hbruraldoctor/app_login/views.py][views.py][validatePort][76] > xingming:<QueryDict: {'Imei': ['2B60FABA-37AA-4EA6-B3B6-11F608653689'], 'Key': ['20190620165224-87217'], 'Sign': ['91AB4439EFBB20FD30F7C5540135057D'], 'Source': ['1'], 'Version': ['1.0'], 'mobile': ['18350019632'], 'password': ['n7BHMO1whY71a7P1yMPlY0y8jDxsMg53QziuoM0tkcFfp2yWSp/JgZW/TzzSePBWkyzv/w9APe8MgCJhzxvO4GeJcmb4Uzrvljamfdf866Y4PVEWD5MVEwmXQKbg4wxcpcvt3ZUsfwWQCGhxrmQtjDpvtU4kXJWdF3eMh8YPtpc=']}> logging successful
[INFO][2019-06-20 16:52:24,943][/Users/kobo/Desktop/hbruraldoctor/app_login/views.py][views.py][wrapper][155] > api:registerPort delete done imei:2B60FABA-37AA-4EA6-B3B6-11F608653689 key:20190620165224-87217
[INFO][2019-06-20 16:52:57,189][/Users/kobo/Desktop/hbruraldoctor/app_login/views.py][views.py][validatePort][76] > xingming:<QueryDict: {'Imei': ['2B60FABA-37AA-4EA6-B3B6-11F608653689'], 'Key': ['20190620165254-84212'], 'Sign': ['0BE155AD5BD5C2E0F1154EEBA429D6B2'], 'Source': ['1'], 'Version': ['1.0']}> logging successful
[INFO][2019-06-20 16:52:57,242][/Users/kobo/Desktop/hbruraldoctor/app_login/views.py][views.py][wrapper][155] > api:registerPort delete done imei:2B60FABA-37AA-4EA6-B3B6-11F608653689 key:20190620165254-84212
[INFO][2019-06-20 16:52:57,242][/Users/kobo/Desktop/hbruraldoctor/app_login/views.py][views.py][publishKey][256] > 请求publicKey success!
[INFO][2019-06-20 16:52:57,346][/Users/kobo/Desktop/hbruraldoctor/app_login/views.py][views.py][validatePort][76] > xingming:<QueryDict: {'Imei': ['2B60FABA-37AA-4EA6-B3B6-11F608653689'], 'Key': ['20190620165257-73728'], 'Sign': ['BAC314051EDDF93F4817D045B670F5E8'], 'Source': ['1'], 'Version': ['1.0'], 'mobile': ['18350019632'], 'password': ['a7g+iF66BYaYe8Watr/q5FTTcPRlFTl4T5cyTnPBOEuOM3oKCrCreb0qUpUNaG+B8TK1hDraSR2gR5hjxhWqgMh6cgjIeHCtGI35jx0TfwK3fhsquUe2f1X8iu6nOeXERqSKQWSq55eqU1w99V6LE+ubiS5FoMr0CjK5LZeka4Y=']}> logging successful
[INFO][2019-06-20 16:52:57,374][/Users/kobo/Desktop/hbruraldoctor/app_login/views.py][views.py][wrapper][155] > api:registerPort delete done imei:2B60FABA-37AA-4EA6-B3B6-11F608653689 key:20190620165257-73728
[INFO][2019-06-20 16:55:22,191][/Users/kobo/Desktop/hbruraldoctor/app_login/views.py][views.py][validatePort][76] > xingming:<QueryDict: {'Imei': ['2B60FABA-37AA-4EA6-B3B6-11F608653689'], 'Key': ['20190620165515-98711'], 'Sign': ['1BADCEE36D121314708231CAD51F5021'], 'Source': ['1'], 'Version': ['1.0']}> logging successful
[INFO][2019-06-20 16:55:22,246][/Users/kobo/Desktop/hbruraldoctor/app_login/views.py][views.py][wrapper][155] > api:registerPort delete done imei:2B60FABA-37AA-4EA6-B3B6-11F608653689 key:20190620165515-98711
[INFO][2019-06-20 16:55:22,247][/Users/kobo/Desktop/hbruraldoctor/app_login/views.py][views.py][publishKey][256] > 请求publicKey success!
[INFO][2019-06-20 16:55:22,354][/Users/kobo/Desktop/hbruraldoctor/app_login/views.py][views.py][validatePort][76] > xingming:<QueryDict: {'Imei': ['2B60FABA-37AA-4EA6-B3B6-11F608653689'], 'Key': ['20190620165522-65018'], 'Sign': ['19B736349276410B5AE0DD2381018E88'], 'Source': ['1'], 'Version': ['1.0'], 'mobile': ['18350019632'], 'password': ['gKaNNk2wHg/Zh0IIBIxsbjh/qsF3zAXpLMRmNgGR9F7+p00e+SVh8OZkhbbyiJMS/yOa6JTYj/m1373WSbZ7TuMdTycZLw9Pg/fbZMHFjVhvP0XUsbb6GiF5+om3aO4cNxeHI/iTYLp/uePmv3So8jAQ+eIRI7UqSoyqp1gmC4I=']}> logging successful
[INFO][2019-06-20 16:55:22,387][/Users/kobo/Desktop/hbruraldoctor/app_login/views.py][views.py][wrapper][155] > api:registerPort delete done imei:2B60FABA-37AA-4EA6-B3B6-11F608653689 key:20190620165522-65018
[INFO][2019-06-20 16:57:22,822][/Users/kobo/Desktop/hbruraldoctor/app_login/views.py][views.py][validatePort][76] > xingming:<QueryDict: {'Imei': ['2B60FABA-37AA-4EA6-B3B6-11F608653689'], 'Key': ['20190620165720-86185'], 'Sign': ['2535DB331312941D6567D9659C16F3CB'], 'Source': ['1'], 'Version': ['1.0']}> logging successful
[INFO][2019-06-20 16:57:22,878][/Users/kobo/Desktop/hbruraldoctor/app_login/views.py][views.py][wrapper][155] > api:registerPort delete done imei:2B60FABA-37AA-4EA6-B3B6-11F608653689 key:20190620165720-86185
[INFO][2019-06-20 16:57:22,878][/Users/kobo/Desktop/hbruraldoctor/app_login/views.py][views.py][publishKey][256] > 请求publicKey success!
[INFO][2019-06-20 16:57:22,996][/Users/kobo/Desktop/hbruraldoctor/app_login/views.py][views.py][validatePort][76] > xingming:<QueryDict: {'Imei': ['2B60FABA-37AA-4EA6-B3B6-11F608653689'], 'Key': ['20190620165722-20527'], 'Sign': ['C9555A8BB2A51C99215E3E4A144D3569'], 'Source': ['1'], 'Version': ['1.0'], 'mobile': ['18350019632'], 'password': ['D/e/EVeeyORJZ89ur3idvkKG8xXF/K14/mwYHn5YE4s+ZFmag3aCCgIX60zAT0ZgZjF9ScXuo1QRsxGy5Zhfpmyf8mLvH7/lnX4nuqIT7R8UnSV59VdMVoxfurU5tpIjMuKJ3tM4zwIFuhEp6T0Mq4J3hzPIdfiY7/xzw64+WGk=']}> logging successful
[INFO][2019-06-20 16:57:23,023][/Users/kobo/Desktop/hbruraldoctor/app_login/views.py][views.py][wrapper][155] > api:registerPort delete done imei:2B60FABA-37AA-4EA6-B3B6-11F608653689 key:20190620165722-20527
[INFO][2019-06-20 16:57:23,033][/Users/kobo/Desktop/hbruraldoctor/app_login/views.py][views.py][decryptPassword][308] > api:validateView error 异常了
[INFO][2019-06-20 16:57:56,810][/Users/kobo/Desktop/hbruraldoctor/app_login/views.py][views.py][validatePort][76] > xingming:<QueryDict: {'Imei': ['2B60FABA-37AA-4EA6-B3B6-11F608653689'], 'Key': ['20190620165756-85016'], 'Sign': ['125BF6B267A69E5E3848DB4566F6099D'], 'Source': ['1'], 'Version': ['1.0']}> logging successful
[INFO][2019-06-20 16:57:56,844][/Users/kobo/Desktop/hbruraldoctor/app_login/views.py][views.py][wrapper][155] > api:registerPort delete done imei:2B60FABA-37AA-4EA6-B3B6-11F608653689 key:20190620165756-85016
[INFO][2019-06-20 16:57:56,844][/Users/kobo/Desktop/hbruraldoctor/app_login/views.py][views.py][publishKey][256] > 请求publicKey success!
[INFO][2019-06-20 16:57:57,055][/Users/kobo/Desktop/hbruraldoctor/app_login/views.py][views.py][validatePort][76] > xingming:<QueryDict: {'Imei': ['2B60FABA-37AA-4EA6-B3B6-11F608653689'], 'Key': ['20190620165756-55968'], 'Sign': ['B892F9C5E13E4D5226A297418285D1DF'], 'Source': ['1'], 'Version': ['1.0'], 'mobile': ['18350019632'], 'password': ['aaSJlcK9dBe196uYZtaP0gv2SdXoAM4KBegQHjInKWNw66RgPZLyd5QyjcEhs7LRkp99D19cK8fKPp9IPvJPYjDhhNPmg4c/21pKl4lbSSk+ihxFC8UdAicSi/TmjiZCWnimo3GwRpi74eXU1CjbH1DvgNIMb4hjJrPihd19TrE=']}> logging successful
[INFO][2019-06-20 16:57:57,203][/Users/kobo/Desktop/hbruraldoctor/app_login/views.py][views.py][wrapper][155] > api:registerPort delete done imei:2B60FABA-37AA-4EA6-B3B6-11F608653689 key:20190620165756-55968
[INFO][2019-06-20 16:57:57,210][/Users/kobo/Desktop/hbruraldoctor/app_login/views.py][views.py][decryptPassword][308] > api:validateView error 异常了
[INFO][2019-06-20 16:59:12,895][/Users/kobo/Desktop/hbruraldoctor/app_login/views.py][views.py][validatePort][76] > xingming:<QueryDict: {'Imei': ['2B60FABA-37AA-4EA6-B3B6-11F608653689'], 'Key': ['20190620165912-45941'], 'Sign': ['F3BC6C22821DF58DAF22E9C7D980A8CF'], 'Source': ['1'], 'Version': ['1.0']}> logging successful
[INFO][2019-06-20 16:59:12,942][/Users/kobo/Desktop/hbruraldoctor/app_login/views.py][views.py][wrapper][155] > api:registerPort delete done imei:2B60FABA-37AA-4EA6-B3B6-11F608653689 key:20190620165912-45941
[INFO][2019-06-20 16:59:12,942][/Users/kobo/Desktop/hbruraldoctor/app_login/views.py][views.py][publishKey][256] > 请求publicKey success!
[INFO][2019-06-20 16:59:23,958][/Users/kobo/Desktop/hbruraldoctor/app_login/views.py][views.py][validatePort][76] > xingming:<QueryDict: {'Imei': ['2B60FABA-37AA-4EA6-B3B6-11F608653689'], 'Key': ['20190620165923-70750'], 'Sign': ['81F4160DF4C4790127D0718443AAF2A8'], 'Source': ['1'], 'Version': ['1.0'], 'mobile': ['18350019632'], 'password': ['BxAPqy1qmOsx8WNHeH3+3u+bJezF1sNAp7JYib3xRtRYPDRXNrtssm2s9opZQupJNvnFTipwoUZ1nbkcgwy0wpwquepzgWS13IP8RkWPYLrTQwKwGVziQ+gx+DfiVCNtS8mE24ZLQELJ4b+aipX3ypp1Jn7iLyvr0PMCBELkW9E=']}> logging successful
[INFO][2019-06-20 16:59:23,996][/Users/kobo/Desktop/hbruraldoctor/app_login/views.py][views.py][wrapper][155] > api:registerPort delete done imei:2B60FABA-37AA-4EA6-B3B6-11F608653689 key:20190620165923-70750
[INFO][2019-06-20 16:59:24,000][/Users/kobo/Desktop/hbruraldoctor/app_login/views.py][views.py][decryptPassword][308] > api:validateView error 异常了
[INFO][2019-06-20 17:00:35,877][/Users/kobo/Desktop/hbruraldoctor/app_login/views.py][views.py][validatePort][76] > xingming:<QueryDict: {'Imei': ['2B60FABA-37AA-4EA6-B3B6-11F608653689'], 'Key': ['20190620170035-19427'], 'Sign': ['80C348E9981FE5D92F0243EED62C9610'], 'Source': ['1'], 'Version': ['1.0']}> logging successful
[INFO][2019-06-20 17:00:35,921][/Users/kobo/Desktop/hbruraldoctor/app_login/views.py][views.py][wrapper][155] > api:registerPort delete done imei:2B60FABA-37AA-4EA6-B3B6-11F608653689 key:20190620170035-19427
[INFO][2019-06-20 17:00:35,921][/Users/kobo/Desktop/hbruraldoctor/app_login/views.py][views.py][publishKey][256] > 请求publicKey success!
[INFO][2019-06-20 17:00:42,285][/Users/kobo/Desktop/hbruraldoctor/app_login/views.py][views.py][validatePort][76] > xingming:<QueryDict: {'Imei': ['2B60FABA-37AA-4EA6-B3B6-11F608653689'], 'Key': ['20190620170042-94686'], 'Sign': ['4CE022F148492F476D782D8231BEBA86'], 'Source': ['1'], 'Version': ['1.0'], 'mobile': ['18350019632'], 'password': ['Pj4OxZo1hDAk4EPWv4Xs7gQQDAStcUyxGDhx6wuHidxcxllBr4m6XNabv8s/12BpJr1PRvxDEMysn8fph2h0WTiEYN/pvEJ3Ef4wXB43je2fLSywkSEZELnoCgYzp8BonfymLKrC/f+nEKKOAM0RhWuBrOPhyq1nIyv+dgkRpvw=']}> logging successful
[INFO][2019-06-20 17:00:42,317][/Users/kobo/Desktop/hbruraldoctor/app_login/views.py][views.py][wrapper][155] > api:registerPort delete done imei:2B60FABA-37AA-4EA6-B3B6-11F608653689 key:20190620170042-94686
[INFO][2019-06-20 17:00:42,324][/Users/kobo/Desktop/hbruraldoctor/app_login/views.py][views.py][decryptPassword][308] > api:validateView error 异常了
[INFO][2019-06-20 17:01:42,697][/Users/kobo/Desktop/hbruraldoctor/app_login/views.py][views.py][validatePort][76] > xingming:<QueryDict: {'Imei': ['2B60FABA-37AA-4EA6-B3B6-11F608653689'], 'Key': ['20190620170142-56842'], 'Sign': ['5977357DAB517E5FEDF258DCFE221A0A'], 'Source': ['1'], 'Version': ['1.0']}> logging successful
[INFO][2019-06-20 17:01:42,748][/Users/kobo/Desktop/hbruraldoctor/app_login/views.py][views.py][wrapper][155] > api:registerPort delete done imei:2B60FABA-37AA-4EA6-B3B6-11F608653689 key:20190620170142-56842
[INFO][2019-06-20 17:01:42,748][/Users/kobo/Desktop/hbruraldoctor/app_login/views.py][views.py][publishKey][256] > 请求publicKey success!
[INFO][2019-06-20 17:01:42,889][/Users/kobo/Desktop/hbruraldoctor/app_login/views.py][views.py][validatePort][76] > xingming:<QueryDict: {'Imei': ['2B60FABA-37AA-4EA6-B3B6-11F608653689'], 'Key': ['20190620170142-95092'], 'Sign': ['F8330012A86D0A8084AA29593A4EA3E3'], 'Source': ['1'], 'Version': ['1.0'], 'mobile': ['18350019632'], 'password': ['WUzUsotN8m8rrd8RMDw4X6YbM/QwqYD89u1C/OOpupZdCToqL/Wam0pRTY0nioOQNLdz/3cHKriuUWBAh9ynPSioU/wve/XMFZyp2TluwiRyDhOuLCWzLviHc42BOCwKWEiXWd/NTv3EPCVyJw9PABNp92wTxi1T/pnpPpoNAJs=']}> logging successful
[INFO][2019-06-20 17:01:42,922][/Users/kobo/Desktop/hbruraldoctor/app_login/views.py][views.py][wrapper][155] > api:registerPort delete done imei:2B60FABA-37AA-4EA6-B3B6-11F608653689 key:20190620170142-95092
[INFO][2019-06-20 17:01:42,930][/Users/kobo/Desktop/hbruraldoctor/app_login/views.py][views.py][decryptPassword][311] > api:validateView error 异常了
[INFO][2019-06-20 17:02:45,994][/Users/kobo/Desktop/hbruraldoctor/app_login/views.py][views.py][validatePort][76] > xingming:<QueryDict: {'Imei': ['2B60FABA-37AA-4EA6-B3B6-11F608653689'], 'Key': ['20190620170242-70094'], 'Sign': ['FC0D160795D2915B6C70DD068186C486'], 'Source': ['1'], 'Version': ['1.0']}> logging successful
[INFO][2019-06-20 17:02:46,073][/Users/kobo/Desktop/hbruraldoctor/app_login/views.py][views.py][wrapper][155] > api:registerPort delete done imei:2B60FABA-37AA-4EA6-B3B6-11F608653689 key:20190620170242-70094
[INFO][2019-06-20 17:02:46,073][/Users/kobo/Desktop/hbruraldoctor/app_login/views.py][views.py][publishKey][256] > 请求publicKey success!
[INFO][2019-06-20 17:02:46,180][/Users/kobo/Desktop/hbruraldoctor/app_login/views.py][views.py][validatePort][76] > xingming:<QueryDict: {'Imei': ['2B60FABA-37AA-4EA6-B3B6-11F608653689'], 'Key': ['20190620170246-3514'], 'Sign': ['FA5DD6A039A8A53172B7A69179FA5E80'], 'Source': ['1'], 'Version': ['1.0'], 'mobile': ['18350019632'], 'password': ['G0IM8FO6n3+gutXviSFP8emzI6ChiX60PmEr/urRnAjX+l42fdOWEdnGHh+oCOlRIbLA6ddmHOZQzCu5fDvXoX7b1Xp0mPI0P4RojrFbuKMBx5VMqrG+uiz4++EPZ71P4MqK4lcd0WVRDRmVMfb8Cp5A2XuTqoLMLtHb8ZAVnaI=']}> logging successful
[INFO][2019-06-20 17:02:46,226][/Users/kobo/Desktop/hbruraldoctor/app_login/views.py][views.py][wrapper][155] > api:registerPort delete done imei:2B60FABA-37AA-4EA6-B3B6-11F608653689 key:20190620170246-3514
[INFO][2019-06-20 17:02:46,233][/Users/kobo/Desktop/hbruraldoctor/app_login/views.py][views.py][decryptPassword][311] > api:validateView error 异常了
[INFO][2019-06-20 17:02:58,696][/Users/kobo/Desktop/hbruraldoctor/app_login/views.py][views.py][validatePort][76] > xingming:<QueryDict: {'Imei': ['2B60FABA-37AA-4EA6-B3B6-11F608653689'], 'Key': ['20190620170258-98350'], 'Sign': ['DE8947FB1F35A00F81323318C675937C'], 'Source': ['1'], 'Version': ['1.0']}> logging successful
[INFO][2019-06-20 17:02:58,742][/Users/kobo/Desktop/hbruraldoctor/app_login/views.py][views.py][wrapper][155] > api:registerPort delete done imei:2B60FABA-37AA-4EA6-B3B6-11F608653689 key:20190620170258-98350
[INFO][2019-06-20 17:02:58,742][/Users/kobo/Desktop/hbruraldoctor/app_login/views.py][views.py][publishKey][256] > 请求publicKey success!
[INFO][2019-06-20 17:02:58,853][/Users/kobo/Desktop/hbruraldoctor/app_login/views.py][views.py][validatePort][76] > xingming:<QueryDict: {'Imei': ['2B60FABA-37AA-4EA6-B3B6-11F608653689'], 'Key': ['20190620170258-24526'], 'Sign': ['976688D2EFE31C3BFBB9600D3E535E29'], 'Source': ['1'], 'Version': ['1.0'], 'mobile': ['18350019632'], 'password': ['cMo+B/AVY/OH1Yr9eZ8kg3upcgCznkppb6FVfK8nkumx1UYA2+Sn/w1/Shf8sFhMSOpVNOfyCdJafGGpmX7tPTaDCr9QjTDAminiPi8R9gsCJRQ0Ho6WRIzBW+WNYns+PfeQd03B6XXIWH/uifY6+0i6S+jD9qXsFeIHsiIF4m8=']}> logging successful
[INFO][2019-06-20 17:02:58,881][/Users/kobo/Desktop/hbruraldoctor/app_login/views.py][views.py][wrapper][155] > api:registerPort delete done imei:2B60FABA-37AA-4EA6-B3B6-11F608653689 key:20190620170258-24526
[INFO][2019-06-20 17:02:58,886][/Users/kobo/Desktop/hbruraldoctor/app_login/views.py][views.py][decryptPassword][311] > api:validateView error 异常了
[INFO][2019-06-20 17:04:04,649][/Users/kobo/Desktop/hbruraldoctor/app_login/views.py][views.py][validatePort][76] > xingming:<QueryDict: {'Imei': ['2B60FABA-37AA-4EA6-B3B6-11F608653689'], 'Key': ['20190620170402-86560'], 'Sign': ['412D1FDED01E07221472286527214EF2'], 'Source': ['1'], 'Version': ['1.0']}> logging successful
[INFO][2019-06-20 17:04:04,703][/Users/kobo/Desktop/hbruraldoctor/app_login/views.py][views.py][wrapper][155] > api:registerPort delete done imei:2B60FABA-37AA-4EA6-B3B6-11F608653689 key:20190620170402-86560
[INFO][2019-06-20 17:04:04,703][/Users/kobo/Desktop/hbruraldoctor/app_login/views.py][views.py][publishKey][256] > 请求publicKey success!
[INFO][2019-06-20 17:04:04,848][/Users/kobo/Desktop/hbruraldoctor/app_login/views.py][views.py][validatePort][76] > xingming:<QueryDict: {'Imei': ['2B60FABA-37AA-4EA6-B3B6-11F608653689'], 'Key': ['20190620170404-66647'], 'Sign': ['6B501D6560079ADAB24DE1740C38581F'], 'Source': ['1'], 'Version': ['1.0'], 'mobile': ['18350019632'], 'password': ['J/2ZciqyEHmkFqB77LaVDkZI4w/r/CDukVyKNkYc7cBJY3OoEaWQQi1njB3VY6jDVxyhfaDZnCRMKCYAE9TtVlHl5itz8aMj1452Gu4dkFJ5kDiZ6YizQ1+347RmIsV2VMiIGRY68bLzQzcFIgJbzhGgz5hwbAvZTjhzywapS0Q=']}> logging successful
[INFO][2019-06-20 17:04:04,884][/Users/kobo/Desktop/hbruraldoctor/app_login/views.py][views.py][wrapper][155] > api:registerPort delete done imei:2B60FABA-37AA-4EA6-B3B6-11F608653689 key:20190620170404-66647
[INFO][2019-06-20 17:04:04,894][/Users/kobo/Desktop/hbruraldoctor/app_login/views.py][views.py][decryptPassword][311] > api:validateView error 异常了
[INFO][2019-06-20 17:05:19,391][/Users/kobo/Desktop/hbruraldoctor/app_login/views.py][views.py][validatePort][76] > xingming:<QueryDict: {'Imei': ['2B60FABA-37AA-4EA6-B3B6-11F608653689'], 'Key': ['20190620170517-20667'], 'Sign': ['E07230DB575ED2EF06442F41AE7ABCC6'], 'Source': ['1'], 'Version': ['1.0']}> logging successful
[INFO][2019-06-20 17:05:19,452][/Users/kobo/Desktop/hbruraldoctor/app_login/views.py][views.py][wrapper][155] > api:registerPort delete done imei:2B60FABA-37AA-4EA6-B3B6-11F608653689 key:20190620170517-20667
[INFO][2019-06-20 17:05:19,452][/Users/kobo/Desktop/hbruraldoctor/app_login/views.py][views.py][publishKey][256] > 请求publicKey success!
[INFO][2019-06-20 17:05:19,589][/Users/kobo/Desktop/hbruraldoctor/app_login/views.py][views.py][validatePort][76] > xingming:<QueryDict: {'Imei': ['2B60FABA-37AA-4EA6-B3B6-11F608653689'], 'Key': ['20190620170519-62124'], 'Sign': ['87F8A0E4E84CDA6B7038107AADF68ED3'], 'Source': ['1'], 'Version': ['1.0'], 'mobile': ['18350019632'], 'password': ['K6J/9m5tTmwdQLJ/QKc7GBDFcl+ahasialOIWp/M+9/pIWoq99y2EGFFqiRSZi8Jz0fEvAzQnHcYcB+hc6lCJWtROoOgXEfk8DNuAWsfEA2itTX+6hQfknEnHPAN27porHwGV3rmFDGSCxxDP1M9gvIGw/nxNnWG9lBGOee5uK4=']}> logging successful
[INFO][2019-06-20 17:05:19,620][/Users/kobo/Desktop/hbruraldoctor/app_login/views.py][views.py][wrapper][155] > api:registerPort delete done imei:2B60FABA-37AA-4EA6-B3B6-11F608653689 key:20190620170519-62124
[INFO][2019-06-20 17:05:19,626][/Users/kobo/Desktop/hbruraldoctor/app_login/views.py][views.py][decryptPassword][314] > api:validateView error 异常了
[INFO][2019-06-20 17:06:13,261][/Users/kobo/Desktop/hbruraldoctor/app_login/views.py][views.py][validatePort][76] > xingming:<QueryDict: {'Imei': ['2B60FABA-37AA-4EA6-B3B6-11F608653689'], 'Key': ['20190620170607-62707'], 'Sign': ['D4C81F299CC7BD208DEAA10FF73119A1'], 'Source': ['1'], 'Version': ['1.0']}> logging successful
[INFO][2019-06-20 17:06:13,324][/Users/kobo/Desktop/hbruraldoctor/app_login/views.py][views.py][wrapper][155] > api:registerPort delete done imei:2B60FABA-37AA-4EA6-B3B6-11F608653689 key:20190620170607-62707
[INFO][2019-06-20 17:06:13,325][/Users/kobo/Desktop/hbruraldoctor/app_login/views.py][views.py][publishKey][256] > 请求publicKey success!
[INFO][2019-06-20 17:06:21,664][/Users/kobo/Desktop/hbruraldoctor/app_login/views.py][views.py][validatePort][76] > xingming:<QueryDict: {'Imei': ['2B60FABA-37AA-4EA6-B3B6-11F608653689'], 'Key': ['20190620170621-27567'], 'Sign': ['DB7332CCA4973CC0FEF84DD94CCC6711'], 'Source': ['1'], 'Version': ['1.0'], 'mobile': ['18350019632'], 'password': ['NcN/PQyNVdUTeggYXbEleqsHZH0qQ2oH97TerToUffgZtLjfjRs1iX+d6yJeWgDZwA+vlfq92EqKiKwcQMAOo3pWmw5o2FmOQQhkIyh/BzPWY3N/o0gAdjDG8h+W8ojwyS3yQWcM8HSfsz1OJXojg0TVz36Y7W1pQQc55DxGqhY=']}> logging successful
[INFO][2019-06-20 17:06:21,695][/Users/kobo/Desktop/hbruraldoctor/app_login/views.py][views.py][wrapper][155] > api:registerPort delete done imei:2B60FABA-37AA-4EA6-B3B6-11F608653689 key:20190620170621-27567
[INFO][2019-06-20 17:06:21,703][/Users/kobo/Desktop/hbruraldoctor/app_login/views.py][views.py][decryptPassword][314] > api:validateView error 异常了
[INFO][2019-06-20 17:07:29,030][/Users/kobo/Desktop/hbruraldoctor/app_login/views.py][views.py][validatePort][76] > xingming:<QueryDict: {'Imei': ['2B60FABA-37AA-4EA6-B3B6-11F608653689'], 'Key': ['20190620170725-32794'], 'Sign': ['7B587DF9214DFE997D263A1D91AC9293'], 'Source': ['1'], 'Version': ['1.0']}> logging successful
[INFO][2019-06-20 17:07:29,093][/Users/kobo/Desktop/hbruraldoctor/app_login/views.py][views.py][wrapper][155] > api:registerPort delete done imei:2B60FABA-37AA-4EA6-B3B6-11F608653689 key:20190620170725-32794
[INFO][2019-06-20 17:07:29,094][/Users/kobo/Desktop/hbruraldoctor/app_login/views.py][views.py][publishKey][256] > 请求publicKey success!
[INFO][2019-06-20 17:07:29,241][/Users/kobo/Desktop/hbruraldoctor/app_login/views.py][views.py][validatePort][76] > xingming:<QueryDict: {'Imei': ['2B60FABA-37AA-4EA6-B3B6-11F608653689'], 'Key': ['20190620170729-98533'], 'Sign': ['EB75CF22234575132C5D3E4E5CEC07BF'], 'Source': ['1'], 'Version': ['1.0'], 'mobile': ['18350019632'], 'password': ['VmO372lQ7QBGuDnnreNgZq9Y6LTkxy44gxo70xFNJhxrKztVfgwgCm7NVV39XEjoz/bWvfVN4eX+/UOPxQkOpHGYLj4cBzoZmXuthp3w36ydSCKVj/tVywgxhvAGe8MM/HAPuNTeaYObiTCELGvF041RTsxBQvC8GjzIsUaFK80=']}> logging successful
[INFO][2019-06-20 17:07:29,295][/Users/kobo/Desktop/hbruraldoctor/app_login/views.py][views.py][wrapper][155] > api:registerPort delete done imei:2B60FABA-37AA-4EA6-B3B6-11F608653689 key:20190620170729-98533
[INFO][2019-06-20 17:08:49,931][/Users/kobo/Desktop/hbruraldoctor/app_login/views.py][views.py][validatePort][76] > xingming:<QueryDict: {'Imei': ['2B60FABA-37AA-4EA6-B3B6-11F608653689'], 'Key': ['20190620170849-67182'], 'Sign': ['46D70FAA04584201C05CBCE27289C12A'], 'Source': ['1'], 'Version': ['1.0']}> logging successful
[INFO][2019-06-20 17:08:49,989][/Users/kobo/Desktop/hbruraldoctor/app_login/views.py][views.py][wrapper][155] > api:registerPort delete done imei:2B60FABA-37AA-4EA6-B3B6-11F608653689 key:20190620170849-67182
[INFO][2019-06-20 17:08:49,990][/Users/kobo/Desktop/hbruraldoctor/app_login/views.py][views.py][publishKey][256] > 请求publicKey success!
[INFO][2019-06-20 17:08:50,147][/Users/kobo/Desktop/hbruraldoctor/app_login/views.py][views.py][validatePort][76] > xingming:<QueryDict: {'Imei': ['2B60FABA-37AA-4EA6-B3B6-11F608653689'], 'Key': ['20190620170850-87079'], 'Sign': ['67E06429CC2E52A002672088FC0BF5CC'], 'Source': ['1'], 'Version': ['1.0'], 'mobile': ['18350019632'], 'password': ['M10/UFTqdsqlM9zTc+WklA/B8LjnZBJtylJD6wXGDHAAhAZcThQPezKUGlJHD3W2FXf0OW7BBD1+3D1SuH35tGiA6Y3BUEgfMbw7SDUroT7X86jndAkpoxPSrpzClR4FIDq2EHqnZKW9mYKBfbWj85A0+t4P76fDP/yrNDxmPLg=']}> logging successful
[INFO][2019-06-20 17:08:50,184][/Users/kobo/Desktop/hbruraldoctor/app_login/views.py][views.py][wrapper][155] > api:registerPort delete done imei:2B60FABA-37AA-4EA6-B3B6-11F608653689 key:20190620170850-87079
[INFO][2019-06-20 17:08:50,191][/Users/kobo/Desktop/hbruraldoctor/app_login/views.py][views.py][loginAccount][370] > api_validateView error 密码错误
[INFO][2019-06-20 17:08:58,842][/Users/kobo/Desktop/hbruraldoctor/app_login/views.py][views.py][validatePort][76] > xingming:<QueryDict: {'Imei': ['2B60FABA-37AA-4EA6-B3B6-11F608653689'], 'Key': ['20190620170858-17046'], 'Sign': ['C0B99B7F8B30B38AA824E267299C0BB9'], 'Source': ['1'], 'Version': ['1.0']}> logging successful
[INFO][2019-06-20 17:08:58,895][/Users/kobo/Desktop/hbruraldoctor/app_login/views.py][views.py][wrapper][155] > api:registerPort delete done imei:2B60FABA-37AA-4EA6-B3B6-11F608653689 key:20190620170858-17046
[INFO][2019-06-20 17:08:58,895][/Users/kobo/Desktop/hbruraldoctor/app_login/views.py][views.py][publishKey][256] > 请求publicKey success!
[INFO][2019-06-20 17:08:58,983][/Users/kobo/Desktop/hbruraldoctor/app_login/views.py][views.py][validatePort][76] > xingming:<QueryDict: {'Imei': ['2B60FABA-37AA-4EA6-B3B6-11F608653689'], 'Key': ['20190620170858-60316'], 'Sign': ['FD66C4C5476A419345D27E70932E9780'], 'Source': ['1'], 'Version': ['1.0'], 'mobile': ['18350019632'], 'password': ['qIXKS0JjmWsTDpalqXyj8lO8HqVRHpyoZGCDMeaI22V1l2gHcPJ4cpcPqL3Qh7l5XIjWUHOeo8lXfAyo/lB3TwHKAwoWHgqicFojtsUaEkzC8S/4LlKoknVQ2EyOZWdftNBR7ekk9IQH5OWNTAQ2te6MvA7+qDfKnOtSgZMnn2Y=']}> logging successful
[INFO][2019-06-20 17:08:59,046][/Users/kobo/Desktop/hbruraldoctor/app_login/views.py][views.py][wrapper][155] > api:registerPort delete done imei:2B60FABA-37AA-4EA6-B3B6-11F608653689 key:20190620170858-60316
[INFO][2019-06-20 17:08:59,054][/Users/kobo/Desktop/hbruraldoctor/app_login/views.py][views.py][loginAccount][362] > api:registerPort succesful telphone:18350019632
[INFO][2019-06-20 17:10:36,738][/Users/kobo/Desktop/hbruraldoctor/app_login/views.py][views.py][validatePort][76] > xingming:<QueryDict: {'Imei': ['2B60FABA-37AA-4EA6-B3B6-11F608653689'], 'Key': ['20190620171036-96585'], 'Sign': ['40FD8FBEEA22821F0DFD16333B01D1F8'], 'Source': ['1'], 'Version': ['1.0']}> logging successful
[INFO][2019-06-20 17:10:36,775][/Users/kobo/Desktop/hbruraldoctor/app_login/views.py][views.py][wrapper][155] > api:registerPort delete done imei:2B60FABA-37AA-4EA6-B3B6-11F608653689 key:20190620171036-96585
[INFO][2019-06-20 17:10:36,775][/Users/kobo/Desktop/hbruraldoctor/app_login/views.py][views.py][publishKey][256] > 请求publicKey success!
[INFO][2019-06-20 17:10:36,864][/Users/kobo/Desktop/hbruraldoctor/app_login/views.py][views.py][validatePort][76] > xingming:<QueryDict: {'Imei': ['2B60FABA-37AA-4EA6-B3B6-11F608653689'], 'Key': ['20190620171036-32091'], 'Sign': ['AD75AA703648C709EC6DC01684667A2E'], 'Source': ['1'], 'Version': ['1.0'], 'mobile': ['18350019632'], 'password': ['deKLQWgxNgsf9AtJ9RJl36OIVEUTdModRYykTI0jYOMybtu+C7aZcZthu9CF+7XC82T6xamE3EM9UPYJo/Afkoz8X2eO9GJv2Zs1Fi5TRthOVGoH3XtextmfjQMGIOyvkyg3XGxwGtbWwo8TMz0ArMSlte7jRP/xbc3oRUFTnQA='], 'validate': ['123456']}> logging successful
[INFO][2019-06-20 17:10:36,889][/Users/kobo/Desktop/hbruraldoctor/app_login/views.py][views.py][wrapper][155] > api:registerPort delete done imei:2B60FABA-37AA-4EA6-B3B6-11F608653689 key:20190620171036-32091
[INFO][2019-06-20 17:11:54,579][/Users/kobo/Desktop/hbruraldoctor/app_login/views.py][views.py][validatePort][76] > xingming:<QueryDict: {'Imei': ['2B60FABA-37AA-4EA6-B3B6-11F608653689'], 'Key': ['20190620171154-33376'], 'Sign': ['165684D0AE21F52BFA312F0D0794ABC8'], 'Source': ['1'], 'Version': ['1.0']}> logging successful
[INFO][2019-06-20 17:11:54,714][/Users/kobo/Desktop/hbruraldoctor/app_login/views.py][views.py][wrapper][155] > api:registerPort delete done imei:2B60FABA-37AA-4EA6-B3B6-11F608653689 key:20190620171154-33376
[INFO][2019-06-20 17:11:54,715][/Users/kobo/Desktop/hbruraldoctor/app_login/views.py][views.py][publishKey][256] > 请求publicKey success!
[INFO][2019-06-20 17:11:54,825][/Users/kobo/Desktop/hbruraldoctor/app_login/views.py][views.py][validatePort][76] > xingming:<QueryDict: {'Imei': ['2B60FABA-37AA-4EA6-B3B6-11F608653689'], 'Key': ['20190620171154-61352'], 'Sign': ['2E4E5AE39DD94A45D813CA66B59F5E91'], 'Source': ['1'], 'Version': ['1.0'], 'mobile': ['18350019633'], 'password': ['BO5PuRFxhM+rH8HOg18dlS+581AVc3EZPBb5fTXfzUlrQTY0dSQCZWG2XpFVORDJZQmvc8U8VWHH0hye9kpMsnUGd8IEk/MKHeSjmKG8ljocPENx3ILfRSaW+QqzZJyByKK+Zt4juZQJ5/KkM4oDvuFf2KLPCyDBE9koc3wx2KQ='], 'validate': ['123456']}> logging successful
[INFO][2019-06-20 17:11:54,983][/Users/kobo/Desktop/hbruraldoctor/app_login/views.py][views.py][wrapper][155] > api:registerPort delete done imei:2B60FABA-37AA-4EA6-B3B6-11F608653689 key:20190620171154-61352
[INFO][2019-06-20 17:11:54,995][/Users/kobo/Desktop/hbruraldoctor/app_login/views.py][views.py][registerUser][226] > api:registerPort succesful telphone:18350019633
[INFO][2019-06-20 17:15:13,942][/Users/kobo/Desktop/hbruraldoctor/app_login/views.py][views.py][validatePort][76] > xingming:<QueryDict: {'Imei': ['2B60FABA-37AA-4EA6-B3B6-11F608653689'], 'Key': ['20190620171513-22516'], 'Sign': ['4EE5ACDF244DE12647D800BD097A112A'], 'Source': ['1'], 'Version': ['1.0']}> logging successful
[INFO][2019-06-20 17:15:14,052][/Users/kobo/Desktop/hbruraldoctor/app_login/views.py][views.py][wrapper][155] > api:registerPort delete done imei:2B60FABA-37AA-4EA6-B3B6-11F608653689 key:20190620171513-22516
[INFO][2019-06-20 17:15:14,052][/Users/kobo/Desktop/hbruraldoctor/app_login/views.py][views.py][publishKey][256] > 请求publicKey success!
[INFO][2019-06-20 17:15:14,216][/Users/kobo/Desktop/hbruraldoctor/app_login/views.py][views.py][validatePort][76] > xingming:<QueryDict: {'Imei': ['2B60FABA-37AA-4EA6-B3B6-11F608653689'], 'Key': ['20190620171514-67076'], 'Sign': ['55A0532B6F1E7034BDCEC71E25C6BA32'], 'Source': ['1'], 'Version': ['1.0'], 'mobile': ['18350019632'], 'password': ['q9UQjVDlGcMITB0RThucsYAJw0YraKF6ryyeKeI7RE1nrqn3AEIoUdgCgXwoUcKMrLyZu/iQeGUGP/jD5vQ5lAyZicGkFzV9B2ROppCO9gv9B4yzMfRX5hRpvV+tn2whT9DDpbLTg2FXmEE19hLbGdJ76GKKw5Nbw+c5ZFv6eA4=']}> logging successful
[INFO][2019-06-20 17:15:15,022][/Users/kobo/Desktop/hbruraldoctor/app_login/views.py][views.py][wrapper][155] > api:registerPort delete done imei:2B60FABA-37AA-4EA6-B3B6-11F608653689 key:20190620171514-67076
[INFO][2019-06-20 17:15:15,031][/Users/kobo/Desktop/hbruraldoctor/app_login/views.py][views.py][loginAccount][362] > api:registerPort succesful telphone:18350019632
[INFO][2019-06-20 17:15:41,522][/Users/kobo/Desktop/hbruraldoctor/app_login/views.py][views.py][validatePort][76] > xingming:<QueryDict: {'Imei': ['2B60FABA-37AA-4EA6-B3B6-11F608653689'], 'Key': ['20190620171541-56059'], 'Sign': ['8039AF2AEFD891E4C98ED71F25C9F25E'], 'Source': ['1'], 'Version': ['1.0']}> logging successful
[INFO][2019-06-20 17:15:41,632][/Users/kobo/Desktop/hbruraldoctor/app_login/views.py][views.py][wrapper][155] > api:registerPort delete done imei:2B60FABA-37AA-4EA6-B3B6-11F608653689 key:20190620171541-56059
[INFO][2019-06-20 17:15:41,633][/Users/kobo/Desktop/hbruraldoctor/app_login/views.py][views.py][publishKey][256] > 请求publicKey success!
[INFO][2019-06-20 17:15:41,893][/Users/kobo/Desktop/hbruraldoctor/app_login/views.py][views.py][validatePort][76] > xingming:<QueryDict: {'Imei': ['2B60FABA-37AA-4EA6-B3B6-11F608653689'], 'Key': ['20190620171541-6063'], 'Sign': ['ADA020818A3DB5EAB3A4146D11B95A81'], 'Source': ['1'], 'Version': ['1.0'], 'mobile': ['18350019632'], 'password': ['QLrAq3tIDzuaUp7K2qaQ0NnFyONmL2IwMCFPouRtZger4Y32UpoMcpBJWZP5gccYPBDTKmsQ8z3QdwDyvWY8gvYqKQeleLLAGXiLZhXbU/X6ULPazOJhhae6J4B8DMzBevg/6C0kidmLift9xN4RuhD8VNoj484M1Xy83LwAFFc='], 'validate': ['123455']}> logging successful
[INFO][2019-06-20 17:15:42,051][/Users/kobo/Desktop/hbruraldoctor/app_login/views.py][views.py][wrapper][155] > api:registerPort delete done imei:2B60FABA-37AA-4EA6-B3B6-11F608653689 key:20190620171541-6063
[INFO][2019-06-20 17:15:48,123][/Users/kobo/Desktop/hbruraldoctor/app_login/views.py][views.py][validatePort][76] > xingming:<QueryDict: {'Imei': ['2B60FABA-37AA-4EA6-B3B6-11F608653689'], 'Key': ['20190620171547-49755'], 'Sign': ['81C2D9E3DA5674EFC13537B09FBD6C4E'], 'Source': ['1'], 'Version': ['1.0']}> logging successful
[INFO][2019-06-20 17:15:48,262][/Users/kobo/Desktop/hbruraldoctor/app_login/views.py][views.py][wrapper][155] > api:registerPort delete done imei:2B60FABA-37AA-4EA6-B3B6-11F608653689 key:20190620171547-49755
[INFO][2019-06-20 17:15:48,262][/Users/kobo/Desktop/hbruraldoctor/app_login/views.py][views.py][publishKey][256] > 请求publicKey success!
[INFO][2019-06-20 17:15:48,540][/Users/kobo/Desktop/hbruraldoctor/app_login/views.py][views.py][validatePort][76] > xingming:<QueryDict: {'Imei': ['2B60FABA-37AA-4EA6-B3B6-11F608653689'], 'Key': ['20190620171548-29957'], 'Sign': ['EEA47A6046886E7BAD0D4AF65F7A9277'], 'Source': ['1'], 'Version': ['1.0'], 'mobile': ['18350019633'], 'password': ['dKnBpSNOLSgskqWAcechiy5eQSYScYdgK993E1QG23qRKjjQFROgeHT1FaFG2isZriFQTfDrp7eh65Xuqj7SZliO7b1n8PBPTZGGdVyfNIfEPjDkQr2BOEThsdZbcd72prMGx71bjGz6LplZGx3Qd8M1p0RWyMVP/T8fM60aUBk='], 'validate': ['123455']}> logging successful
[INFO][2019-06-20 17:15:48,611][/Users/kobo/Desktop/hbruraldoctor/app_login/views.py][views.py][wrapper][155] > api:registerPort delete done imei:2B60FABA-37AA-4EA6-B3B6-11F608653689 key:20190620171548-29957
[INFO][2019-06-20 17:15:55,380][/Users/kobo/Desktop/hbruraldoctor/app_login/views.py][views.py][validatePort][76] > xingming:<QueryDict: {'Imei': ['2B60FABA-37AA-4EA6-B3B6-11F608653689'], 'Key': ['20190620171553-88899'], 'Sign': ['4AEDC0381B9E69AD383A11EBDD487377'], 'Source': ['1'], 'Version': ['1.0']}> logging successful
[INFO][2019-06-20 17:15:58,914][/Users/kobo/Desktop/hbruraldoctor/app_login/views.py][views.py][wrapper][155] > api:registerPort delete done imei:2B60FABA-37AA-4EA6-B3B6-11F608653689 key:20190620171553-88899
[INFO][2019-06-20 17:15:58,914][/Users/kobo/Desktop/hbruraldoctor/app_login/views.py][views.py][publishKey][256] > 请求publicKey success!
[INFO][2019-06-20 17:15:59,139][/Users/kobo/Desktop/hbruraldoctor/app_login/views.py][views.py][validatePort][76] > xingming:<QueryDict: {'Imei': ['2B60FABA-37AA-4EA6-B3B6-11F608653689'], 'Key': ['20190620171559-79587'], 'Sign': ['A6625043AC2EC6386A28E2DBD4F2745D'], 'Source': ['1'], 'Version': ['1.0'], 'mobile': ['18350019634'], 'password': ['I5eIMZ+KRfJkVYVzTY8hpo7n4yTVPb2uimR+0fCJHk+s68Gs1jQvw8g/+IDoq86VgxZd1RnKo2/hMfLRO6HDXuSZ4EYaI69rm/TzwQfUC0abcG322b0qRBJ3wikxhYPJNH91uVnuhW3XReQe+4eKvHQBO9rrYlIFOrzi/wrWeW0='], 'validate': ['123455']}> logging successful
[INFO][2019-06-20 17:15:59,171][/Users/kobo/Desktop/hbruraldoctor/app_login/views.py][views.py][wrapper][155] > api:registerPort delete done imei:2B60FABA-37AA-4EA6-B3B6-11F608653689 key:20190620171559-79587
[INFO][2019-06-20 17:15:59,174][/Users/kobo/Desktop/hbruraldoctor/app_login/views.py][views.py][registerUser][209] > api:registerPort：验证码错误，& telphone:18350019634
[INFO][2019-06-20 17:15:59,174][/Users/kobo/Desktop/hbruraldoctor/app_login/views.py][views.py][registerUser][235] > api_validateView error name '邀请码有误' is not defined
[INFO][2019-06-20 17:16:42,632][/Users/kobo/Desktop/hbruraldoctor/app_login/views.py][views.py][validatePort][76] > xingming:<QueryDict: {'Imei': ['2B60FABA-37AA-4EA6-B3B6-11F608653689'], 'Key': ['20190620171638-95481'], 'Sign': ['DE632542B48322AD31593CAA9773D996'], 'Source': ['1'], 'Version': ['1.0']}> logging successful
[INFO][2019-06-20 17:16:43,579][/Users/kobo/Desktop/hbruraldoctor/app_login/views.py][views.py][wrapper][155] > api:registerPort delete done imei:2B60FABA-37AA-4EA6-B3B6-11F608653689 key:20190620171638-95481
[INFO][2019-06-20 17:16:43,580][/Users/kobo/Desktop/hbruraldoctor/app_login/views.py][views.py][publishKey][256] > 请求publicKey success!
[INFO][2019-06-20 17:16:44,796][/Users/kobo/Desktop/hbruraldoctor/app_login/views.py][views.py][validatePort][76] > xingming:<QueryDict: {'Imei': ['2B60FABA-37AA-4EA6-B3B6-11F608653689'], 'Key': ['20190620171644-18727'], 'Sign': ['A60278F545DD31F5C9CC32603A8A915E'], 'Source': ['1'], 'Version': ['1.0'], 'mobile': ['18350019634'], 'password': ['tvGBBYC0klmLl26T0bCW3mhhDGq2AeebPdZONp4sYqSRaka06Gmvlu3G1mi2Al9USvGjAMsJ1Hr4BlpZIJ6sDvsdFGD4wu3om42Sgo/sUbzpiriEcXeCuxmQHGA7sgn171vmSbW9ZWo1ea4SNH8pBhhizo3sK9WdIMsE9lh600c='], 'validate': ['123455']}> logging successful
[INFO][2019-06-20 17:16:44,918][/Users/kobo/Desktop/hbruraldoctor/app_login/views.py][views.py][wrapper][155] > api:registerPort delete done imei:2B60FABA-37AA-4EA6-B3B6-11F608653689 key:20190620171644-18727
[INFO][2019-06-20 17:16:44,920][/Users/kobo/Desktop/hbruraldoctor/app_login/views.py][views.py][registerUser][209] > api:registerPort：验证码错误，& telphone:18350019634
[INFO][2019-06-20 17:16:44,920][/Users/kobo/Desktop/hbruraldoctor/app_login/views.py][views.py][registerUser][235] > api_validateView error 邀请码有误
[INFO][2019-06-20 17:16:57,766][/Users/kobo/Desktop/hbruraldoctor/app_login/views.py][views.py][validatePort][76] > xingming:<QueryDict: {'Imei': ['2B60FABA-37AA-4EA6-B3B6-11F608653689'], 'Key': ['20190620171652-75299'], 'Sign': ['C0BCDDAFB456661D4B0722CAA5370302'], 'Source': ['1'], 'Version': ['1.0']}> logging successful
[INFO][2019-06-20 17:16:57,812][/Users/kobo/Desktop/hbruraldoctor/app_login/views.py][views.py][wrapper][155] > api:registerPort delete done imei:2B60FABA-37AA-4EA6-B3B6-11F608653689 key:20190620171652-75299
[INFO][2019-06-20 17:16:57,813][/Users/kobo/Desktop/hbruraldoctor/app_login/views.py][views.py][publishKey][256] > 请求publicKey success!
[INFO][2019-06-20 17:16:57,922][/Users/kobo/Desktop/hbruraldoctor/app_login/views.py][views.py][validatePort][76] > xingming:<QueryDict: {'Imei': ['2B60FABA-37AA-4EA6-B3B6-11F608653689'], 'Key': ['20190620171657-84398'], 'Sign': ['59A33EFA42BC3A76CCD5A2AC917A86DD'], 'Source': ['1'], 'Version': ['1.0'], 'mobile': ['18350019634'], 'password': ['nmjOcvv4dbzrS9PQh6Xs1FfuRKspyCq8/xrl2R342J7VAiBRNaFvrmGTj0Zv97R15QDtO3ZnhETM21p0kUCCtXqQcsP415dd4YedbXtJfkL+5FBGJQ4xoq8vWaMDcW5GYXU5ALLOc3H956CkNFIjbEqEqV5gg1HPCu9BMdDlSng='], 'validate': ['123455']}> logging successful
[INFO][2019-06-20 17:16:57,947][/Users/kobo/Desktop/hbruraldoctor/app_login/views.py][views.py][wrapper][155] > api:registerPort delete done imei:2B60FABA-37AA-4EA6-B3B6-11F608653689 key:20190620171657-84398
[INFO][2019-06-20 17:16:57,949][/Users/kobo/Desktop/hbruraldoctor/app_login/views.py][views.py][registerUser][209] > api:registerPort：验证码错误，& telphone:18350019634
[INFO][2019-06-20 17:16:57,949][/Users/kobo/Desktop/hbruraldoctor/app_login/views.py][views.py][registerUser][235] > api_validateView error 邀请码有误
[INFO][2019-06-20 17:17:17,728][/Users/kobo/Desktop/hbruraldoctor/app_login/views.py][views.py][validatePort][76] > xingming:<QueryDict: {'Imei': ['2B60FABA-37AA-4EA6-B3B6-11F608653689'], 'Key': ['20190620171717-31967'], 'Sign': ['B04FFB6989BC5C8885048AD63A203E80'], 'Source': ['1'], 'Version': ['1.0']}> logging successful
[INFO][2019-06-20 17:17:17,767][/Users/kobo/Desktop/hbruraldoctor/app_login/views.py][views.py][wrapper][155] > api:registerPort delete done imei:2B60FABA-37AA-4EA6-B3B6-11F608653689 key:20190620171717-31967
[INFO][2019-06-20 17:17:17,767][/Users/kobo/Desktop/hbruraldoctor/app_login/views.py][views.py][publishKey][256] > 请求publicKey success!
[INFO][2019-06-20 17:17:17,889][/Users/kobo/Desktop/hbruraldoctor/app_login/views.py][views.py][validatePort][76] > xingming:<QueryDict: {'Imei': ['2B60FABA-37AA-4EA6-B3B6-11F608653689'], 'Key': ['20190620171717-84279'], 'Sign': ['CC52ECB08172121ABD5C80F25DEC2DCF'], 'Source': ['1'], 'Version': ['1.0'], 'mobile': ['18350019634'], 'password': ['LytoidzPOmnRi/Ph9RczR1K2R6bQoBmDMGbfwtm5957BuaWcG5lenpQHQM5O+mnf444oL3cMAwDHuw7g2QYMKctQhAbSynHC9JDQwB10ODENTQ4PSaYuuanoxuJQOqwZnhxmSKuwOv71m5As+RWn9h/gTbSknnBoTqztLnc31FQ='], 'validate': ['123456']}> logging successful
[INFO][2019-06-20 17:17:17,914][/Users/kobo/Desktop/hbruraldoctor/app_login/views.py][views.py][wrapper][155] > api:registerPort delete done imei:2B60FABA-37AA-4EA6-B3B6-11F608653689 key:20190620171717-84279
[INFO][2019-06-20 17:17:17,923][/Users/kobo/Desktop/hbruraldoctor/app_login/views.py][views.py][registerUser][226] > api:registerPort succesful telphone:18350019634
